<?xml version="1.0" encoding="UTF-8"?>
<!-- Generated by org.testng.reporters.JUnitXMLReporter -->
<testsuite ignored="0" hostname="ASDLAPBLR006" failures="0" tests="7" name="Surefire test" time="61.709" errors="0" timestamp="2024-07-17T14:50:52 IST">
  <testcase classname="com.qa.tests.HomePageTest" name="verifyhometitle" time="0.022"/>
  <testcase classname="com.qa.tests.HomePageTest" name="CliconkMenuitems" time="0.085"/>
  <testcase classname="com.qa.tests.HomePageTest" name="Sortproduct" time="40.256"/>
  <testcase classname="com.qa.tests.HomePageTest" name="addprodcuttobag" time="0.057"/>
  <testcase classname="com.qa.tests.LoginPageTest" name="Login" time="0.288"/>
  <testcase classname="com.qa.tests.LoginPageTest" name="Login" time="0.287"/>
  <testcase classname="com.qa.tests.LoginPageTest" name="Login" time="0.239"/>
</testsuite> <!-- Surefire test -->
