<?xml version="1.0" encoding="UTF-8"?>
<!-- Generated by org.testng.reporters.JUnitXMLReporter -->
<testsuite ignored="0" hostname="ASDLAPBLR006" failures="0" tests="3" name="Default test" time="46.808" errors="0" timestamp="2024-07-04T12:38:50 IST">
  <testcase classname="com.qa.tests.LoginPageTest" name="Login" time="0.438"/>
  <testcase classname="com.qa.tests.LoginPageTest" name="Login" time="0.227"/>
  <testcase classname="com.qa.tests.LoginPageTest" name="Login" time="0.218"/>
</testsuite> <!-- Default test -->
