<?xml version="1.0" encoding="UTF-8"?>
<!-- Generated by org.testng.reporters.JUnitXMLReporter -->
<testsuite ignored="0" hostname="ASDLAPBLR006" failures="0" tests="3" name="Default test" time="16.447" errors="0" timestamp="2024-07-23T11:07:07 IST">
  <testcase classname="com.qa.tests.LoginPageTest" name="Login" time="0.463"/>
  <testcase classname="com.qa.tests.LoginPageTest" name="Login" time="0.233"/>
  <testcase classname="com.qa.tests.LoginPageTest" name="Login" time="0.234"/>
</testsuite> <!-- Default test -->
