<?xml version="1.0" encoding="UTF-8"?>
<!-- Generated by org.testng.reporters.JUnitXMLReporter -->
<testsuite ignored="0" hostname="ASDLAPBLR006" failures="1" tests="3" name="Test" time="35.777" errors="0" timestamp="2024-07-17T12:48:26 IST">
  <testcase classname="com.qa.tests.LoginPageTest" name="@AfterMethod appclose" time="3.256">
    <failure type="java.lang.StackOverflowError">
      <![CDATA[java.lang.StackOverflowError
at org.openqa.selenium.WebDriverException.getDriverName(WebDriverException.java:166)
at org.openqa.selenium.WebDriverException.getAdditionalInformation(WebDriverException.java:181)
at org.openqa.selenium.WebDriverException.createMessage(WebDriverException.java:142)
at org.openqa.selenium.WebDriverException.getMessage(WebDriverException.java:131)
at java.base/java.lang.Throwable.getLocalizedMessage(Throwable.java:398)
at java.base/java.lang.Throwable.toString(Throwable.java:497)
at java.base/java.lang.String.valueOf(String.java:3367)
at java.base/java.lang.StringBuilder.append(StringBuilder.java:167)
at com.qa.utility.WebEventListener.onException(WebEventListener.java:59)
at org.openqa.selenium.support.events.EventFiringWebDriver$1.invoke(EventFiringWebDriver.java:85)
at com.sun.proxy.$Proxy10.onException(Unknown Source)
at org.openqa.selenium.support.events.EventFiringWebDriver$2.invoke(EventFiringWebDriver.java:110)
at com.sun.proxy.$Proxy11.getScreenshotAs(Unknown Source)
at org.openqa.selenium.support.events.EventFiringWebDriver.getScreenshotAs(EventFiringWebDriver.java:291)
at com.qa.utility.TestUtils.takeScreenshotAtEndOfTest(TestUtils.java:101)
at com.qa.utility.WebEventListener.onException(WebEventListener.java:61)
at org.openqa.selenium.support.events.EventFiringWebDriver$1.invoke(EventFiringWebDriver.java:85)
at com.sun.proxy.$Proxy10.onException(Unknown Source)
at org.openqa.selenium.support.events.EventFiringWebDriver$2.invoke(EventFiringWebDriver.java:110)
at com.sun.proxy.$Proxy11.getScreenshotAs(Unknown Source)
at org.openqa.selenium.support.events.EventFiringWebDriver.getScreenshotAs(EventFiringWebDriver.java:291)
at com.qa.utility.TestUtils.takeScreenshotAtEndOfTest(TestUtils.java:101)
at com.qa.utility.WebEventListener.onException(WebEventListener.java:61)
at org.openqa.selenium.support.events.EventFiringWebDriver$1.invoke(EventFiringWebDriver.java:85)
at com.sun.proxy.$Proxy10.onException(Unknown Source)
at org.openqa.selenium.support.events.EventFiringWebDriver$2.invoke(EventFiringWebDriver.java:110)
at com.sun.proxy.$Proxy11.getScreenshotAs(Unknown Source)
at org.openqa.selenium.support.events.EventFiringWebDriver.getScreenshotAs(EventFiringWebDriver.java:291)
at com.qa.utility.TestUtils.takeScreenshotAtEndOfTest(TestUtils.java:101)
at com.qa.utility.WebEventListener.onException(WebEventListener.java:61)
at org.openqa.selenium.support.events.EventFiringWebDriver$1.invoke(EventFiringWebDriver.java:85)
at com.sun.proxy.$Proxy10.onException(Unknown Source)
at org.openqa.selenium.support.events.EventFiringWebDriver$2.invoke(EventFiringWebDriver.java:110)
at com.sun.proxy.$Proxy11.getScreenshotAs(Unknown Source)
at org.openqa.selenium.support.events.EventFiringWebDriver.getScreenshotAs(EventFiringWebDriver.java:291)
at com.qa.utility.TestUtils.takeScreenshotAtEndOfTest(TestUtils.java:101)
at com.qa.utility.WebEventListener.onException(WebEventListener.java:61)
at org.openqa.selenium.support.events.EventFiringWebDriver$1.invoke(EventFiringWebDriver.java:85)
at com.sun.proxy.$Proxy10.onException(Unknown Source)
at org.openqa.selenium.support.events.EventFiringWebDriver$2.invoke(EventFiringWebDriver.java:110)
at com.sun.proxy.$Proxy11.getScreenshotAs(Unknown Source)
at org.openqa.selenium.support.events.EventFiringWebDriver.getScreenshotAs(EventFiringWebDriver.java:291)
at com.qa.utility.TestUtils.takeScreenshotAtEndOfTest(TestUtils.java:101)
at com.qa.utility.WebEventListener.onException(WebEventListener.java:61)
at org.openqa.selenium.support.events.EventFiringWebDriver$1.invoke(EventFiringWebDriver.java:85)
at com.sun.proxy.$Proxy10.onException(Unknown Source)
at org.openqa.selenium.support.events.EventFiringWebDriver$2.invoke(EventFiringWebDriver.java:110)
at com.sun.proxy.$Proxy11.getScreenshotAs(Unknown Source)
at org.openqa.selenium.support.events.EventFiringWebDriver.getScreenshotAs(EventFiringWebDriver.java:291)
at com.qa.utility.TestUtils.takeScreenshotAtEndOfTest(TestUtils.java:101)
at com.qa.utility.WebEventListener.onException(WebEventListener.java:61)
at org.openqa.selenium.support.events.EventFiringWebDriver$1.invoke(EventFiringWebDriver.java:85)
at com.sun.proxy.$Proxy10.onException(Unknown Source)
at org.openqa.selenium.support.events.EventFiringWebDriver$2.invoke(EventFiringWebDriver.java:110)
at com.sun.proxy.$Proxy11.getScreenshotAs(Unknown Source)
at org.openqa.selenium.support.events.EventFiringWebDriver.getScreenshotAs(EventFiringWebDriver.java:291)
at com.qa.utility.TestUtils.takeScreenshotAtEndOfTest(TestUtils.java:101)
at com.qa.utility.WebEventListener.onException(WebEventListener.java:61)
at org.openqa.selenium.support.events.EventFiringWebDriver$1.invoke(EventFiringWebDriver.java:85)
at com.sun.proxy.$Proxy10.onException(Unknown Source)
at org.openqa.selenium.support.events.EventFiringWebDriver$2.invoke(EventFiringWebDriver.java:110)
at com.sun.proxy.$Proxy11.getScreenshotAs(Unknown Source)
at org.openqa.selenium.support.events.EventFiringWebDriver.getScreenshotAs(EventFiringWebDriver.java:291)
at com.qa.utility.TestUtils.takeScreenshotAtEndOfTest(TestUtils.java:101)
at com.qa.utility.WebEventListener.onException(WebEventListener.java:61)
at org.openqa.selenium.support.events.EventFiringWebDriver$1.invoke(EventFiringWebDriver.java:85)
at com.sun.proxy.$Proxy10.onException(Unknown Source)
at org.openqa.selenium.support.events.EventFiringWebDriver$2.invoke(EventFiringWebDriver.java:110)
at com.sun.proxy.$Proxy11.getScreenshotAs(Unknown Source)
at org.openqa.selenium.support.events.EventFiringWebDriver.getScreenshotAs(EventFiringWebDriver.java:291)
at com.qa.utility.TestUtils.takeScreenshotAtEndOfTest(TestUtils.java:101)
at com.qa.utility.WebEventListener.onException(WebEventListener.java:61)
at org.openqa.selenium.support.events.EventFiringWebDriver$1.invoke(EventFiringWebDriver.java:85)
at com.sun.proxy.$Proxy10.onException(Unknown Source)
at org.openqa.selenium.support.events.EventFiringWebDriver$2.invoke(EventFiringWebDriver.java:110)
at com.sun.proxy.$Proxy11.getScreenshotAs(Unknown Source)
at org.openqa.selenium.support.events.EventFiringWebDriver.getScreenshotAs(EventFiringWebDriver.java:291)
at com.qa.utility.TestUtils.takeScreenshotAtEndOfTest(TestUtils.java:101)
at com.qa.utility.WebEventListener.onException(WebEventListener.java:61)
at org.openqa.selenium.support.events.EventFiringWebDriver$1.invoke(EventFiringWebDriver.java:85)
at com.sun.proxy.$Proxy10.onException(Unknown Source)
at org.openqa.selenium.support.events.EventFiringWebDriver$2.invoke(EventFiringWebDriver.java:110)
at com.sun.proxy.$Proxy11.getScreenshotAs(Unknown Source)
at org.openqa.selenium.support.events.EventFiringWebDriver.getScreenshotAs(EventFiringWebDriver.java:291)
at com.qa.utility.TestUtils.takeScreenshotAtEndOfTest(TestUtils.java:101)
at com.qa.utility.WebEventListener.onException(WebEventListener.java:61)
at org.openqa.selenium.support.events.EventFiringWebDriver$1.invoke(EventFiringWebDriver.java:85)
at com.sun.proxy.$Proxy10.onException(Unknown Source)
at org.openqa.selenium.support.events.EventFiringWebDriver$2.invoke(EventFiringWebDriver.java:110)
at com.sun.proxy.$Proxy11.getScreenshotAs(Unknown Source)
at org.openqa.selenium.support.events.EventFiringWebDriver.getScreenshotAs(EventFiringWebDriver.java:291)
at com.qa.utility.TestUtils.takeScreenshotAtEndOfTest(TestUtils.java:101)
at com.qa.utility.WebEventListener.onException(WebEventListener.java:61)
at org.openqa.selenium.support.events.EventFiringWebDriver$1.invoke(EventFiringWebDriver.java:85)
at com.sun.proxy.$Proxy10.onException(Unknown Source)
at org.openqa.selenium.support.events.EventFiringWebDriver$2.invoke(EventFiringWebDriver.java:110)
at com.sun.proxy.$Proxy11.getScreenshotAs(Unknown Source)
at org.openqa.selenium.support.events.EventFiringWebDriver.getScreenshotAs(EventFiringWebDriver.java:291)
at com.qa.utility.TestUtils.takeScreenshotAtEndOfTest(TestUtils.java:101)
at com.qa.utility.WebEventListener.onException(WebEventListener.java:61)
at org.openqa.selenium.support.events.EventFiringWebDriver$1.invoke(EventFiringWebDriver.java:85)
at com.sun.proxy.$Proxy10.onException(Unknown Source)
at org.openqa.selenium.support.events.EventFiringWebDriver$2.invoke(EventFiringWebDriver.java:110)
at com.sun.proxy.$Proxy11.getScreenshotAs(Unknown Source)
at org.openqa.selenium.support.events.EventFiringWebDriver.getScreenshotAs(EventFiringWebDriver.java:291)
at com.qa.utility.TestUtils.takeScreenshotAtEndOfTest(TestUtils.java:101)
at com.qa.utility.WebEventListener.onException(WebEventListener.java:61)
at org.openqa.selenium.support.events.EventFiringWebDriver$1.invoke(EventFiringWebDriver.java:85)
at com.sun.proxy.$Proxy10.onException(Unknown Source)
at org.openqa.selenium.support.events.EventFiringWebDriver$2.invoke(EventFiringWebDriver.java:110)
at com.sun.proxy.$Proxy11.getScreenshotAs(Unknown Source)
at org.openqa.selenium.support.events.EventFiringWebDriver.getScreenshotAs(EventFiringWebDriver.java:291)
at com.qa.utility.TestUtils.takeScreenshotAtEndOfTest(TestUtils.java:101)
at com.qa.utility.WebEventListener.onException(WebEventListener.java:61)
at org.openqa.selenium.support.events.EventFiringWebDriver$1.invoke(EventFiringWebDriver.java:85)
at com.sun.proxy.$Proxy10.onException(Unknown Source)
at org.openqa.selenium.support.events.EventFiringWebDriver$2.invoke(EventFiringWebDriver.java:110)
at com.sun.proxy.$Proxy11.getScreenshotAs(Unknown Source)
at org.openqa.selenium.support.events.EventFiringWebDriver.getScreenshotAs(EventFiringWebDriver.java:291)
at com.qa.utility.TestUtils.takeScreenshotAtEndOfTest(TestUtils.java:101)
at com.qa.utility.WebEventListener.onException(WebEventListener.java:61)
at org.openqa.selenium.support.events.EventFiringWebDriver$1.invoke(EventFiringWebDriver.java:85)
at com.sun.proxy.$Proxy10.onException(Unknown Source)
at org.openqa.selenium.support.events.EventFiringWebDriver$2.invoke(EventFiringWebDriver.java:110)
at com.sun.proxy.$Proxy11.getScreenshotAs(Unknown Source)
at org.openqa.selenium.support.events.EventFiringWebDriver.getScreenshotAs(EventFiringWebDriver.java:291)
at com.qa.utility.TestUtils.takeScreenshotAtEndOfTest(TestUtils.java:101)
at com.qa.utility.WebEventListener.onException(WebEventListener.java:61)
at org.openqa.selenium.support.events.EventFiringWebDriver$1.invoke(EventFiringWebDriver.java:85)
at com.sun.proxy.$Proxy10.onException(Unknown Source)
at org.openqa.selenium.support.events.EventFiringWebDriver$2.invoke(EventFiringWebDriver.java:110)
at com.sun.proxy.$Proxy11.getScreenshotAs(Unknown Source)
at org.openqa.selenium.support.events.EventFiringWebDriver.getScreenshotAs(EventFiringWebDriver.java:291)
at com.qa.utility.TestUtils.takeScreenshotAtEndOfTest(TestUtils.java:101)
at com.qa.utility.WebEventListener.onException(WebEventListener.java:61)
at org.openqa.selenium.support.events.EventFiringWebDriver$1.invoke(EventFiringWebDriver.java:85)
at com.sun.proxy.$Proxy10.onException(Unknown Source)
at org.openqa.selenium.support.events.EventFiringWebDriver$2.invoke(EventFiringWebDriver.java:110)
at com.sun.proxy.$Proxy11.getScreenshotAs(Unknown Source)
at org.openqa.selenium.support.events.EventFiringWebDriver.getScreenshotAs(EventFiringWebDriver.java:291)
at com.qa.utility.TestUtils.takeScreenshotAtEndOfTest(TestUtils.java:101)
at com.qa.utility.WebEventListener.onException(WebEventListener.java:61)
at org.openqa.selenium.support.events.EventFiringWebDriver$1.invoke(EventFiringWebDriver.java:85)
at com.sun.proxy.$Proxy10.onException(Unknown Source)
at org.openqa.selenium.support.events.EventFiringWebDriver$2.invoke(EventFiringWebDriver.java:110)
at com.sun.proxy.$Proxy11.getScreenshotAs(Unknown Source)
at org.openqa.selenium.support.events.EventFiringWebDriver.getScreenshotAs(EventFiringWebDriver.java:291)
at com.qa.utility.TestUtils.takeScreenshotAtEndOfTest(TestUtils.java:101)
at com.qa.utility.WebEventListener.onException(WebEventListener.java:61)
at org.openqa.selenium.support.events.EventFiringWebDriver$1.invoke(EventFiringWebDriver.java:85)
at com.sun.proxy.$Proxy10.onException(Unknown Source)
at org.openqa.selenium.support.events.EventFiringWebDriver$2.invoke(EventFiringWebDriver.java:110)
at com.sun.proxy.$Proxy11.getScreenshotAs(Unknown Source)
at org.openqa.selenium.support.events.EventFiringWebDriver.getScreenshotAs(EventFiringWebDriver.java:291)
at com.qa.utility.TestUtils.takeScreenshotAtEndOfTest(TestUtils.java:101)
at com.qa.utility.WebEventListener.onException(WebEventListener.java:61)
at org.openqa.selenium.support.events.EventFiringWebDriver$1.invoke(EventFiringWebDriver.java:85)
at com.sun.proxy.$Proxy10.onException(Unknown Source)
at org.openqa.selenium.support.events.EventFiringWebDriver$2.invoke(EventFiringWebDriver.java:110)
at com.sun.proxy.$Proxy11.getScreenshotAs(Unknown Source)
at org.openqa.selenium.support.events.EventFiringWebDriver.getScreenshotAs(EventFiringWebDriver.java:291)
at com.qa.utility.TestUtils.takeScreenshotAtEndOfTest(TestUtils.java:101)
at com.qa.utility.WebEventListener.onException(WebEventListener.java:61)
at org.openqa.selenium.support.events.EventFiringWebDriver$1.invoke(EventFiringWebDriver.java:85)
at com.sun.proxy.$Proxy10.onException(Unknown Source)
at org.openqa.selenium.support.events.EventFiringWebDriver$2.invoke(EventFiringWebDriver.java:110)
at com.sun.proxy.$Proxy11.getScreenshotAs(Unknown Source)
at org.openqa.selenium.support.events.EventFiringWebDriver.getScreenshotAs(EventFiringWebDriver.java:291)
at com.qa.utility.TestUtils.takeScreenshotAtEndOfTest(TestUtils.java:101)
at com.qa.utility.WebEventListener.onException(WebEventListener.java:61)
at org.openqa.selenium.support.events.EventFiringWebDriver$1.invoke(EventFiringWebDriver.java:85)
at com.sun.proxy.$Proxy10.onException(Unknown Source)
at org.openqa.selenium.support.events.EventFiringWebDriver$2.invoke(EventFiringWebDriver.java:110)
at com.sun.proxy.$Proxy11.getScreenshotAs(Unknown Source)
at org.openqa.selenium.support.events.EventFiringWebDriver.getScreenshotAs(EventFiringWebDriver.java:291)
at com.qa.utility.TestUtils.takeScreenshotAtEndOfTest(TestUtils.java:101)
at com.qa.utility.WebEventListener.onException(WebEventListener.java:61)
at org.openqa.selenium.support.events.EventFiringWebDriver$1.invoke(EventFiringWebDriver.java:85)
at com.sun.proxy.$Proxy10.onException(Unknown Source)
at org.openqa.selenium.support.events.EventFiringWebDriver$2.invoke(EventFiringWebDriver.java:110)
at com.sun.proxy.$Proxy11.getScreenshotAs(Unknown Source)
at org.openqa.selenium.support.events.EventFiringWebDriver.getScreenshotAs(EventFiringWebDriver.java:291)
at com.qa.utility.TestUtils.takeScreenshotAtEndOfTest(TestUtils.java:101)
at com.qa.utility.WebEventListener.onException(WebEventListener.java:61)
at org.openqa.selenium.support.events.EventFiringWebDriver$1.invoke(EventFiringWebDriver.java:85)
at com.sun.proxy.$Proxy10.onException(Unknown Source)
at org.openqa.selenium.support.events.EventFiringWebDriver$2.invoke(EventFiringWebDriver.java:110)
at com.sun.proxy.$Proxy11.getScreenshotAs(Unknown Source)
at org.openqa.selenium.support.events.EventFiringWebDriver.getScreenshotAs(EventFiringWebDriver.java:291)
at com.qa.utility.TestUtils.takeScreenshotAtEndOfTest(TestUtils.java:101)
at com.qa.utility.WebEventListener.onException(WebEventListener.java:61)
at org.openqa.selenium.support.events.EventFiringWebDriver$1.invoke(EventFiringWebDriver.java:85)
at com.sun.proxy.$Proxy10.onException(Unknown Source)
at org.openqa.selenium.support.events.EventFiringWebDriver$2.invoke(EventFiringWebDriver.java:110)
at com.sun.proxy.$Proxy11.getScreenshotAs(Unknown Source)
at org.openqa.selenium.support.events.EventFiringWebDriver.getScreenshotAs(EventFiringWebDriver.java:291)
at com.qa.utility.TestUtils.takeScreenshotAtEndOfTest(TestUtils.java:101)
at com.qa.utility.WebEventListener.onException(WebEventListener.java:61)
at org.openqa.selenium.support.events.EventFiringWebDriver$1.invoke(EventFiringWebDriver.java:85)
at com.sun.proxy.$Proxy10.onException(Unknown Source)
at org.openqa.selenium.support.events.EventFiringWebDriver$2.invoke(EventFiringWebDriver.java:110)
at com.sun.proxy.$Proxy11.getScreenshotAs(Unknown Source)
at org.openqa.selenium.support.events.EventFiringWebDriver.getScreenshotAs(EventFiringWebDriver.java:291)
at com.qa.utility.TestUtils.takeScreenshotAtEndOfTest(TestUtils.java:101)
at com.qa.utility.WebEventListener.onException(WebEventListener.java:61)
at org.openqa.selenium.support.events.EventFiringWebDriver$1.invoke(EventFiringWebDriver.java:85)
at com.sun.proxy.$Proxy10.onException(Unknown Source)
at org.openqa.selenium.support.events.EventFiringWebDriver$2.invoke(EventFiringWebDriver.java:110)
at com.sun.proxy.$Proxy11.getScreenshotAs(Unknown Source)
at org.openqa.selenium.support.events.EventFiringWebDriver.getScreenshotAs(EventFiringWebDriver.java:291)
at com.qa.utility.TestUtils.takeScreenshotAtEndOfTest(TestUtils.java:101)
at com.qa.utility.WebEventListener.onException(WebEventListener.java:61)
at org.openqa.selenium.support.events.EventFiringWebDriver$1.invoke(EventFiringWebDriver.java:85)
at com.sun.proxy.$Proxy10.onException(Unknown Source)
at org.openqa.selenium.support.events.EventFiringWebDriver$2.invoke(EventFiringWebDriver.java:110)
at com.sun.proxy.$Proxy11.getScreenshotAs(Unknown Source)
at org.openqa.selenium.support.events.EventFiringWebDriver.getScreenshotAs(EventFiringWebDriver.java:291)
at com.qa.utility.TestUtils.takeScreenshotAtEndOfTest(TestUtils.java:101)
at com.qa.utility.WebEventListener.onException(WebEventListener.java:61)
at org.openqa.selenium.support.events.EventFiringWebDriver$1.invoke(EventFiringWebDriver.java:85)
at com.sun.proxy.$Proxy10.onException(Unknown Source)
at org.openqa.selenium.support.events.EventFiringWebDriver$2.invoke(EventFiringWebDriver.java:110)
at com.sun.proxy.$Proxy11.getScreenshotAs(Unknown Source)
at org.openqa.selenium.support.events.EventFiringWebDriver.getScreenshotAs(EventFiringWebDriver.java:291)
at com.qa.utility.TestUtils.takeScreenshotAtEndOfTest(TestUtils.java:101)
at com.qa.utility.WebEventListener.onException(WebEventListener.java:61)
at org.openqa.selenium.support.events.EventFiringWebDriver$1.invoke(EventFiringWebDriver.java:85)
at com.sun.proxy.$Proxy10.onException(Unknown Source)
at org.openqa.selenium.support.events.EventFiringWebDriver$2.invoke(EventFiringWebDriver.java:110)
at com.sun.proxy.$Proxy11.getScreenshotAs(Unknown Source)
at org.openqa.selenium.support.events.EventFiringWebDriver.getScreenshotAs(EventFiringWebDriver.java:291)
at com.qa.utility.TestUtils.takeScreenshotAtEndOfTest(TestUtils.java:101)
at com.qa.utility.WebEventListener.onException(WebEventListener.java:61)
at org.openqa.selenium.support.events.EventFiringWebDriver$1.invoke(EventFiringWebDriver.java:85)
at com.sun.proxy.$Proxy10.onException(Unknown Source)
at org.openqa.selenium.support.events.EventFiringWebDriver$2.invoke(EventFiringWebDriver.java:110)
at com.sun.proxy.$Proxy11.getScreenshotAs(Unknown Source)
at org.openqa.selenium.support.events.EventFiringWebDriver.getScreenshotAs(EventFiringWebDriver.java:291)
at com.qa.utility.TestUtils.takeScreenshotAtEndOfTest(TestUtils.java:101)
at com.qa.utility.WebEventListener.onException(WebEventListener.java:61)
at org.openqa.selenium.support.events.EventFiringWebDriver$1.invoke(EventFiringWebDriver.java:85)
at com.sun.proxy.$Proxy10.onException(Unknown Source)
at org.openqa.selenium.support.events.EventFiringWebDriver$2.invoke(EventFiringWebDriver.java:110)
at com.sun.proxy.$Proxy11.getScreenshotAs(Unknown Source)
at org.openqa.selenium.support.events.EventFiringWebDriver.getScreenshotAs(EventFiringWebDriver.java:291)
at com.qa.utility.TestUtils.takeScreenshotAtEndOfTest(TestUtils.java:101)
at com.qa.utility.WebEventListener.onException(WebEventListener.java:61)
at org.openqa.selenium.support.events.EventFiringWebDriver$1.invoke(EventFiringWebDriver.java:85)
at com.sun.proxy.$Proxy10.onException(Unknown Source)
at org.openqa.selenium.support.events.EventFiringWebDriver$2.invoke(EventFiringWebDriver.java:110)
at com.sun.proxy.$Proxy11.getScreenshotAs(Unknown Source)
at org.openqa.selenium.support.events.EventFiringWebDriver.getScreenshotAs(EventFiringWebDriver.java:291)
at com.qa.utility.TestUtils.takeScreenshotAtEndOfTest(TestUtils.java:101)
at com.qa.utility.WebEventListener.onException(WebEventListener.java:61)
at org.openqa.selenium.support.events.EventFiringWebDriver$1.invoke(EventFiringWebDriver.java:85)
at com.sun.proxy.$Proxy10.onException(Unknown Source)
at org.openqa.selenium.support.events.EventFiringWebDriver$2.invoke(EventFiringWebDriver.java:110)
at com.sun.proxy.$Proxy11.getScreenshotAs(Unknown Source)
at org.openqa.selenium.support.events.EventFiringWebDriver.getScreenshotAs(EventFiringWebDriver.java:291)
at com.qa.utility.TestUtils.takeScreenshotAtEndOfTest(TestUtils.java:101)
at com.qa.utility.WebEventListener.onException(WebEventListener.java:61)
at org.openqa.selenium.support.events.EventFiringWebDriver$1.invoke(EventFiringWebDriver.java:85)
at com.sun.proxy.$Proxy10.onException(Unknown Source)
at org.openqa.selenium.support.events.EventFiringWebDriver$2.invoke(EventFiringWebDriver.java:110)
at com.sun.proxy.$Proxy11.getScreenshotAs(Unknown Source)
at org.openqa.selenium.support.events.EventFiringWebDriver.getScreenshotAs(EventFiringWebDriver.java:291)
at com.qa.utility.TestUtils.takeScreenshotAtEndOfTest(TestUtils.java:101)
at com.qa.utility.WebEventListener.onException(WebEventListener.java:61)
at org.openqa.selenium.support.events.EventFiringWebDriver$1.invoke(EventFiringWebDriver.java:85)
at com.sun.proxy.$Proxy10.onException(Unknown Source)
at org.openqa.selenium.support.events.EventFiringWebDriver$2.invoke(EventFiringWebDriver.java:110)
at com.sun.proxy.$Proxy11.getScreenshotAs(Unknown Source)
at org.openqa.selenium.support.events.EventFiringWebDriver.getScreenshotAs(EventFiringWebDriver.java:291)
at com.qa.utility.TestUtils.takeScreenshotAtEndOfTest(TestUtils.java:101)
at com.qa.utility.WebEventListener.onException(WebEventListener.java:61)
at org.openqa.selenium.support.events.EventFiringWebDriver$1.invoke(EventFiringWebDriver.java:85)
at com.sun.proxy.$Proxy10.onException(Unknown Source)
at org.openqa.selenium.support.events.EventFiringWebDriver$2.invoke(EventFiringWebDriver.java:110)
at com.sun.proxy.$Proxy11.getScreenshotAs(Unknown Source)
at org.openqa.selenium.support.events.EventFiringWebDriver.getScreenshotAs(EventFiringWebDriver.java:291)
at com.qa.utility.TestUtils.takeScreenshotAtEndOfTest(TestUtils.java:101)
at com.qa.utility.WebEventListener.onException(WebEventListener.java:61)
at org.openqa.selenium.support.events.EventFiringWebDriver$1.invoke(EventFiringWebDriver.java:85)
at com.sun.proxy.$Proxy10.onException(Unknown Source)
at org.openqa.selenium.support.events.EventFiringWebDriver$2.invoke(EventFiringWebDriver.java:110)
at com.sun.proxy.$Proxy11.getScreenshotAs(Unknown Source)
at org.openqa.selenium.support.events.EventFiringWebDriver.getScreenshotAs(EventFiringWebDriver.java:291)
at com.qa.utility.TestUtils.takeScreenshotAtEndOfTest(TestUtils.java:101)
at com.qa.utility.WebEventListener.onException(WebEventListener.java:61)
at org.openqa.selenium.support.events.EventFiringWebDriver$1.invoke(EventFiringWebDriver.java:85)
at com.sun.proxy.$Proxy10.onException(Unknown Source)
at org.openqa.selenium.support.events.EventFiringWebDriver$2.invoke(EventFiringWebDriver.java:110)
at com.sun.proxy.$Proxy11.getScreenshotAs(Unknown Source)
at org.openqa.selenium.support.events.EventFiringWebDriver.getScreenshotAs(EventFiringWebDriver.java:291)
at com.qa.utility.TestUtils.takeScreenshotAtEndOfTest(TestUtils.java:101)
at com.qa.utility.WebEventListener.onException(WebEventListener.java:61)
at org.openqa.selenium.support.events.EventFiringWebDriver$1.invoke(EventFiringWebDriver.java:85)
at com.sun.proxy.$Proxy10.onException(Unknown Source)
at org.openqa.selenium.support.events.EventFiringWebDriver$2.invoke(EventFiringWebDriver.java:110)
at com.sun.proxy.$Proxy11.getScreenshotAs(Unknown Source)
at org.openqa.selenium.support.events.EventFiringWebDriver.getScreenshotAs(EventFiringWebDriver.java:291)
at com.qa.utility.TestUtils.takeScreenshotAtEndOfTest(TestUtils.java:101)
at com.qa.utility.WebEventListener.onException(WebEventListener.java:61)
at org.openqa.selenium.support.events.EventFiringWebDriver$1.invoke(EventFiringWebDriver.java:85)
at com.sun.proxy.$Proxy10.onException(Unknown Source)
at org.openqa.selenium.support.events.EventFiringWebDriver$2.invoke(EventFiringWebDriver.java:110)
at com.sun.proxy.$Proxy11.getScreenshotAs(Unknown Source)
at org.openqa.selenium.support.events.EventFiringWebDriver.getScreenshotAs(EventFiringWebDriver.java:291)
at com.qa.utility.TestUtils.takeScreenshotAtEndOfTest(TestUtils.java:101)
at com.qa.utility.WebEventListener.onException(WebEventListener.java:61)
at org.openqa.selenium.support.events.EventFiringWebDriver$1.invoke(EventFiringWebDriver.java:85)
at com.sun.proxy.$Proxy10.onException(Unknown Source)
at org.openqa.selenium.support.events.EventFiringWebDriver$2.invoke(EventFiringWebDriver.java:110)
at com.sun.proxy.$Proxy11.getScreenshotAs(Unknown Source)
at org.openqa.selenium.support.events.EventFiringWebDriver.getScreenshotAs(EventFiringWebDriver.java:291)
at com.qa.utility.TestUtils.takeScreenshotAtEndOfTest(TestUtils.java:101)
at com.qa.utility.WebEventListener.onException(WebEventListener.java:61)
at org.openqa.selenium.support.events.EventFiringWebDriver$1.invoke(EventFiringWebDriver.java:85)
at com.sun.proxy.$Proxy10.onException(Unknown Source)
at org.openqa.selenium.support.events.EventFiringWebDriver$2.invoke(EventFiringWebDriver.java:110)
at com.sun.proxy.$Proxy11.getScreenshotAs(Unknown Source)
at org.openqa.selenium.support.events.EventFiringWebDriver.getScreenshotAs(EventFiringWebDriver.java:291)
at com.qa.utility.TestUtils.takeScreenshotAtEndOfTest(TestUtils.java:101)
at com.qa.utility.WebEventListener.onException(WebEventListener.java:61)
at org.openqa.selenium.support.events.EventFiringWebDriver$1.invoke(EventFiringWebDriver.java:85)
at com.sun.proxy.$Proxy10.onException(Unknown Source)
at org.openqa.selenium.support.events.EventFiringWebDriver$2.invoke(EventFiringWebDriver.java:110)
at com.sun.proxy.$Proxy11.getScreenshotAs(Unknown Source)
at org.openqa.selenium.support.events.EventFiringWebDriver.getScreenshotAs(EventFiringWebDriver.java:291)
at com.qa.utility.TestUtils.takeScreenshotAtEndOfTest(TestUtils.java:101)
at com.qa.utility.WebEventListener.onException(WebEventListener.java:61)
at org.openqa.selenium.support.events.EventFiringWebDriver$1.invoke(EventFiringWebDriver.java:85)
at com.sun.proxy.$Proxy10.onException(Unknown Source)
at org.openqa.selenium.support.events.EventFiringWebDriver$2.invoke(EventFiringWebDriver.java:110)
at com.sun.proxy.$Proxy11.getScreenshotAs(Unknown Source)
at org.openqa.selenium.support.events.EventFiringWebDriver.getScreenshotAs(EventFiringWebDriver.java:291)
at com.qa.utility.TestUtils.takeScreenshotAtEndOfTest(TestUtils.java:101)
at com.qa.utility.WebEventListener.onException(WebEventListener.java:61)
at org.openqa.selenium.support.events.EventFiringWebDriver$1.invoke(EventFiringWebDriver.java:85)
at com.sun.proxy.$Proxy10.onException(Unknown Source)
at org.openqa.selenium.support.events.EventFiringWebDriver$2.invoke(EventFiringWebDriver.java:110)
at com.sun.proxy.$Proxy11.getScreenshotAs(Unknown Source)
at org.openqa.selenium.support.events.EventFiringWebDriver.getScreenshotAs(EventFiringWebDriver.java:291)
at com.qa.utility.TestUtils.takeScreenshotAtEndOfTest(TestUtils.java:101)
at com.qa.utility.WebEventListener.onException(WebEventListener.java:61)
at org.openqa.selenium.support.events.EventFiringWebDriver$1.invoke(EventFiringWebDriver.java:85)
at com.sun.proxy.$Proxy10.onException(Unknown Source)
at org.openqa.selenium.support.events.EventFiringWebDriver$2.invoke(EventFiringWebDriver.java:110)
at com.sun.proxy.$Proxy11.getScreenshotAs(Unknown Source)
at org.openqa.selenium.support.events.EventFiringWebDriver.getScreenshotAs(EventFiringWebDriver.java:291)
at com.qa.utility.TestUtils.takeScreenshotAtEndOfTest(TestUtils.java:101)
at com.qa.utility.WebEventListener.onException(WebEventListener.java:61)
at org.openqa.selenium.support.events.EventFiringWebDriver$1.invoke(EventFiringWebDriver.java:85)
at com.sun.proxy.$Proxy10.onException(Unknown Source)
at org.openqa.selenium.support.events.EventFiringWebDriver$2.invoke(EventFiringWebDriver.java:110)
at com.sun.proxy.$Proxy11.getScreenshotAs(Unknown Source)
at org.openqa.selenium.support.events.EventFiringWebDriver.getScreenshotAs(EventFiringWebDriver.java:291)
at com.qa.utility.TestUtils.takeScreenshotAtEndOfTest(TestUtils.java:101)
at com.qa.utility.WebEventListener.onException(WebEventListener.java:61)
at org.openqa.selenium.support.events.EventFiringWebDriver$1.invoke(EventFiringWebDriver.java:85)
at com.sun.proxy.$Proxy10.onException(Unknown Source)
at org.openqa.selenium.support.events.EventFiringWebDriver$2.invoke(EventFiringWebDriver.java:110)
at com.sun.proxy.$Proxy11.getScreenshotAs(Unknown Source)
at org.openqa.selenium.support.events.EventFiringWebDriver.getScreenshotAs(EventFiringWebDriver.java:291)
at com.qa.utility.TestUtils.takeScreenshotAtEndOfTest(TestUtils.java:101)
at com.qa.utility.WebEventListener.onException(WebEventListener.java:61)
at org.openqa.selenium.support.events.EventFiringWebDriver$1.invoke(EventFiringWebDriver.java:85)
at com.sun.proxy.$Proxy10.onException(Unknown Source)
at org.openqa.selenium.support.events.EventFiringWebDriver$2.invoke(EventFiringWebDriver.java:110)
at com.sun.proxy.$Proxy11.getScreenshotAs(Unknown Source)
at org.openqa.selenium.support.events.EventFiringWebDriver.getScreenshotAs(EventFiringWebDriver.java:291)
at com.qa.utility.TestUtils.takeScreenshotAtEndOfTest(TestUtils.java:101)
at com.qa.utility.WebEventListener.onException(WebEventListener.java:61)
at org.openqa.selenium.support.events.EventFiringWebDriver$1.invoke(EventFiringWebDriver.java:85)
at com.sun.proxy.$Proxy10.onException(Unknown Source)
at org.openqa.selenium.support.events.EventFiringWebDriver$2.invoke(EventFiringWebDriver.java:110)
at com.sun.proxy.$Proxy11.getScreenshotAs(Unknown Source)
at org.openqa.selenium.support.events.EventFiringWebDriver.getScreenshotAs(EventFiringWebDriver.java:291)
at com.qa.utility.TestUtils.takeScreenshotAtEndOfTest(TestUtils.java:101)
at com.qa.utility.WebEventListener.onException(WebEventListener.java:61)
at org.openqa.selenium.support.events.EventFiringWebDriver$1.invoke(EventFiringWebDriver.java:85)
at com.sun.proxy.$Proxy10.onException(Unknown Source)
at org.openqa.selenium.support.events.EventFiringWebDriver$2.invoke(EventFiringWebDriver.java:110)
at com.sun.proxy.$Proxy11.getScreenshotAs(Unknown Source)
at org.openqa.selenium.support.events.EventFiringWebDriver.getScreenshotAs(EventFiringWebDriver.java:291)
at com.qa.utility.TestUtils.takeScreenshotAtEndOfTest(TestUtils.java:101)
at com.qa.utility.WebEventListener.onException(WebEventListener.java:61)
at org.openqa.selenium.support.events.EventFiringWebDriver$1.invoke(EventFiringWebDriver.java:85)
at com.sun.proxy.$Proxy10.onException(Unknown Source)
at org.openqa.selenium.support.events.EventFiringWebDriver$2.invoke(EventFiringWebDriver.java:110)
at com.sun.proxy.$Proxy11.getScreenshotAs(Unknown Source)
at org.openqa.selenium.support.events.EventFiringWebDriver.getScreenshotAs(EventFiringWebDriver.java:291)
at com.qa.utility.TestUtils.takeScreenshotAtEndOfTest(TestUtils.java:101)
at com.qa.utility.WebEventListener.onException(WebEventListener.java:61)
at org.openqa.selenium.support.events.EventFiringWebDriver$1.invoke(EventFiringWebDriver.java:85)
at com.sun.proxy.$Proxy10.onException(Unknown Source)
at org.openqa.selenium.support.events.EventFiringWebDriver$2.invoke(EventFiringWebDriver.java:110)
at com.sun.proxy.$Proxy11.getScreenshotAs(Unknown Source)
at org.openqa.selenium.support.events.EventFiringWebDriver.getScreenshotAs(EventFiringWebDriver.java:291)
at com.qa.utility.TestUtils.takeScreenshotAtEndOfTest(TestUtils.java:101)
at com.qa.utility.WebEventListener.onException(WebEventListener.java:61)
at org.openqa.selenium.support.events.EventFiringWebDriver$1.invoke(EventFiringWebDriver.java:85)
at com.sun.proxy.$Proxy10.onException(Unknown Source)
at org.openqa.selenium.support.events.EventFiringWebDriver$2.invoke(EventFiringWebDriver.java:110)
at com.sun.proxy.$Proxy11.getScreenshotAs(Unknown Source)
at org.openqa.selenium.support.events.EventFiringWebDriver.getScreenshotAs(EventFiringWebDriver.java:291)
at com.qa.utility.TestUtils.takeScreenshotAtEndOfTest(TestUtils.java:101)
at com.qa.utility.WebEventListener.onException(WebEventListener.java:61)
at org.openqa.selenium.support.events.EventFiringWebDriver$1.invoke(EventFiringWebDriver.java:85)
at com.sun.proxy.$Proxy10.onException(Unknown Source)
at org.openqa.selenium.support.events.EventFiringWebDriver$2.invoke(EventFiringWebDriver.java:110)
at com.sun.proxy.$Proxy11.getScreenshotAs(Unknown Source)
at org.openqa.selenium.support.events.EventFiringWebDriver.getScreenshotAs(EventFiringWebDriver.java:291)
at com.qa.utility.TestUtils.takeScreenshotAtEndOfTest(TestUtils.java:101)
at com.qa.utility.WebEventListener.onException(WebEventListener.java:61)
at org.openqa.selenium.support.events.EventFiringWebDriver$1.invoke(EventFiringWebDriver.java:85)
at com.sun.proxy.$Proxy10.onException(Unknown Source)
at org.openqa.selenium.support.events.EventFiringWebDriver$2.invoke(EventFiringWebDriver.java:110)
at com.sun.proxy.$Proxy11.getScreenshotAs(Unknown Source)
at org.openqa.selenium.support.events.EventFiringWebDriver.getScreenshotAs(EventFiringWebDriver.java:291)
at com.qa.utility.TestUtils.takeScreenshotAtEndOfTest(TestUtils.java:101)
at com.qa.utility.WebEventListener.onException(WebEventListener.java:61)
at org.openqa.selenium.support.events.EventFiringWebDriver$1.invoke(EventFiringWebDriver.java:85)
at com.sun.proxy.$Proxy10.onException(Unknown Source)
at org.openqa.selenium.support.events.EventFiringWebDriver$2.invoke(EventFiringWebDriver.java:110)
at com.sun.proxy.$Proxy11.getScreenshotAs(Unknown Source)
at org.openqa.selenium.support.events.EventFiringWebDriver.getScreenshotAs(EventFiringWebDriver.java:291)
at com.qa.utility.TestUtils.takeScreenshotAtEndOfTest(TestUtils.java:101)
at com.qa.utility.WebEventListener.onException(WebEventListener.java:61)
at org.openqa.selenium.support.events.EventFiringWebDriver$1.invoke(EventFiringWebDriver.java:85)
at com.sun.proxy.$Proxy10.onException(Unknown Source)
at org.openqa.selenium.support.events.EventFiringWebDriver$2.invoke(EventFiringWebDriver.java:110)
at com.sun.proxy.$Proxy11.getScreenshotAs(Unknown Source)
at org.openqa.selenium.support.events.EventFiringWebDriver.getScreenshotAs(EventFiringWebDriver.java:291)
at com.qa.utility.TestUtils.takeScreenshotAtEndOfTest(TestUtils.java:101)
at com.qa.utility.WebEventListener.onException(WebEventListener.java:61)
at org.openqa.selenium.support.events.EventFiringWebDriver$1.invoke(EventFiringWebDriver.java:85)
at com.sun.proxy.$Proxy10.onException(Unknown Source)
at org.openqa.selenium.support.events.EventFiringWebDriver$2.invoke(EventFiringWebDriver.java:110)
at com.sun.proxy.$Proxy11.getScreenshotAs(Unknown Source)
at org.openqa.selenium.support.events.EventFiringWebDriver.getScreenshotAs(EventFiringWebDriver.java:291)
at com.qa.utility.TestUtils.takeScreenshotAtEndOfTest(TestUtils.java:101)
at com.qa.utility.WebEventListener.onException(WebEventListener.java:61)
at org.openqa.selenium.support.events.EventFiringWebDriver$1.invoke(EventFiringWebDriver.java:85)
at com.sun.proxy.$Proxy10.onException(Unknown Source)
at org.openqa.selenium.support.events.EventFiringWebDriver$2.invoke(EventFiringWebDriver.java:110)
at com.sun.proxy.$Proxy11.getScreenshotAs(Unknown Source)
at org.openqa.selenium.support.events.EventFiringWebDriver.getScreenshotAs(EventFiringWebDriver.java:291)
at com.qa.utility.TestUtils.takeScreenshotAtEndOfTest(TestUtils.java:101)
at com.qa.utility.WebEventListener.onException(WebEventListener.java:61)
at org.openqa.selenium.support.events.EventFiringWebDriver$1.invoke(EventFiringWebDriver.java:85)
at com.sun.proxy.$Proxy10.onException(Unknown Source)
at org.openqa.selenium.support.events.EventFiringWebDriver$2.invoke(EventFiringWebDriver.java:110)
at com.sun.proxy.$Proxy11.getScreenshotAs(Unknown Source)
at org.openqa.selenium.support.events.EventFiringWebDriver.getScreenshotAs(EventFiringWebDriver.java:291)
at com.qa.utility.TestUtils.takeScreenshotAtEndOfTest(TestUtils.java:101)
at com.qa.utility.WebEventListener.onException(WebEventListener.java:61)
at org.openqa.selenium.support.events.EventFiringWebDriver$1.invoke(EventFiringWebDriver.java:85)
at com.sun.proxy.$Proxy10.onException(Unknown Source)
at org.openqa.selenium.support.events.EventFiringWebDriver$2.invoke(EventFiringWebDriver.java:110)
at com.sun.proxy.$Proxy11.getScreenshotAs(Unknown Source)
at org.openqa.selenium.support.events.EventFiringWebDriver.getScreenshotAs(EventFiringWebDriver.java:291)
at com.qa.utility.TestUtils.takeScreenshotAtEndOfTest(TestUtils.java:101)
at com.qa.utility.WebEventListener.onException(WebEventListener.java:61)
at org.openqa.selenium.support.events.EventFiringWebDriver$1.invoke(EventFiringWebDriver.java:85)
at com.sun.proxy.$Proxy10.onException(Unknown Source)
at org.openqa.selenium.support.events.EventFiringWebDriver$2.invoke(EventFiringWebDriver.java:110)
at com.sun.proxy.$Proxy11.getScreenshotAs(Unknown Source)
at org.openqa.selenium.support.events.EventFiringWebDriver.getScreenshotAs(EventFiringWebDriver.java:291)
at com.qa.utility.TestUtils.takeScreenshotAtEndOfTest(TestUtils.java:101)
at com.qa.utility.WebEventListener.onException(WebEventListener.java:61)
at org.openqa.selenium.support.events.EventFiringWebDriver$1.invoke(EventFiringWebDriver.java:85)
at com.sun.proxy.$Proxy10.onException(Unknown Source)
at org.openqa.selenium.support.events.EventFiringWebDriver$2.invoke(EventFiringWebDriver.java:110)
at com.sun.proxy.$Proxy11.getScreenshotAs(Unknown Source)
at org.openqa.selenium.support.events.EventFiringWebDriver.getScreenshotAs(EventFiringWebDriver.java:291)
at com.qa.utility.TestUtils.takeScreenshotAtEndOfTest(TestUtils.java:101)
at com.qa.utility.WebEventListener.onException(WebEventListener.java:61)
at org.openqa.selenium.support.events.EventFiringWebDriver$1.invoke(EventFiringWebDriver.java:85)
at com.sun.proxy.$Proxy10.onException(Unknown Source)
at org.openqa.selenium.support.events.EventFiringWebDriver$2.invoke(EventFiringWebDriver.java:110)
at com.sun.proxy.$Proxy11.getScreenshotAs(Unknown Source)
at org.openqa.selenium.support.events.EventFiringWebDriver.getScreenshotAs(EventFiringWebDriver.java:291)
at com.qa.utility.TestUtils.takeScreenshotAtEndOfTest(TestUtils.java:101)
at com.qa.utility.WebEventListener.onException(WebEventListener.java:61)
at org.openqa.selenium.support.events.EventFiringWebDriver$1.invoke(EventFiringWebDriver.java:85)
at com.sun.proxy.$Proxy10.onException(Unknown Source)
at org.openqa.selenium.support.events.EventFiringWebDriver$2.invoke(EventFiringWebDriver.java:110)
at com.sun.proxy.$Proxy11.getScreenshotAs(Unknown Source)
at org.openqa.selenium.support.events.EventFiringWebDriver.getScreenshotAs(EventFiringWebDriver.java:291)
at com.qa.utility.TestUtils.takeScreenshotAtEndOfTest(TestUtils.java:101)
at com.qa.utility.WebEventListener.onException(WebEventListener.java:61)
at org.openqa.selenium.support.events.EventFiringWebDriver$1.invoke(EventFiringWebDriver.java:85)
at com.sun.proxy.$Proxy10.onException(Unknown Source)
at org.openqa.selenium.support.events.EventFiringWebDriver$2.invoke(EventFiringWebDriver.java:110)
at com.sun.proxy.$Proxy11.getScreenshotAs(Unknown Source)
at org.openqa.selenium.support.events.EventFiringWebDriver.getScreenshotAs(EventFiringWebDriver.java:291)
at com.qa.utility.TestUtils.takeScreenshotAtEndOfTest(TestUtils.java:101)
at com.qa.utility.WebEventListener.onException(WebEventListener.java:61)
at org.openqa.selenium.support.events.EventFiringWebDriver$1.invoke(EventFiringWebDriver.java:85)
at com.sun.proxy.$Proxy10.onException(Unknown Source)
at org.openqa.selenium.support.events.EventFiringWebDriver$2.invoke(EventFiringWebDriver.java:110)
at com.sun.proxy.$Proxy11.getScreenshotAs(Unknown Source)
at org.openqa.selenium.support.events.EventFiringWebDriver.getScreenshotAs(EventFiringWebDriver.java:291)
at com.qa.utility.TestUtils.takeScreenshotAtEndOfTest(TestUtils.java:101)
at com.qa.utility.WebEventListener.onException(WebEventListener.java:61)
at org.openqa.selenium.support.events.EventFiringWebDriver$1.invoke(EventFiringWebDriver.java:85)
at com.sun.proxy.$Proxy10.onException(Unknown Source)
at org.openqa.selenium.support.events.EventFiringWebDriver$2.invoke(EventFiringWebDriver.java:110)
at com.sun.proxy.$Proxy11.getScreenshotAs(Unknown Source)
at org.openqa.selenium.support.events.EventFiringWebDriver.getScreenshotAs(EventFiringWebDriver.java:291)
at com.qa.utility.TestUtils.takeScreenshotAtEndOfTest(TestUtils.java:101)
at com.qa.utility.WebEventListener.onException(WebEventListener.java:61)
at org.openqa.selenium.support.events.EventFiringWebDriver$1.invoke(EventFiringWebDriver.java:85)
at com.sun.proxy.$Proxy10.onException(Unknown Source)
at org.openqa.selenium.support.events.EventFiringWebDriver$2.invoke(EventFiringWebDriver.java:110)
at com.sun.proxy.$Proxy11.getScreenshotAs(Unknown Source)
at org.openqa.selenium.support.events.EventFiringWebDriver.getScreenshotAs(EventFiringWebDriver.java:291)
at com.qa.utility.TestUtils.takeScreenshotAtEndOfTest(TestUtils.java:101)
at com.qa.utility.WebEventListener.onException(WebEventListener.java:61)
at org.openqa.selenium.support.events.EventFiringWebDriver$1.invoke(EventFiringWebDriver.java:85)
at com.sun.proxy.$Proxy10.onException(Unknown Source)
at org.openqa.selenium.support.events.EventFiringWebDriver$2.invoke(EventFiringWebDriver.java:110)
at com.sun.proxy.$Proxy11.getScreenshotAs(Unknown Source)
at org.openqa.selenium.support.events.EventFiringWebDriver.getScreenshotAs(EventFiringWebDriver.java:291)
at com.qa.utility.TestUtils.takeScreenshotAtEndOfTest(TestUtils.java:101)
at com.qa.utility.WebEventListener.onException(WebEventListener.java:61)
at org.openqa.selenium.support.events.EventFiringWebDriver$1.invoke(EventFiringWebDriver.java:85)
at com.sun.proxy.$Proxy10.onException(Unknown Source)
at org.openqa.selenium.support.events.EventFiringWebDriver$2.invoke(EventFiringWebDriver.java:110)
at com.sun.proxy.$Proxy11.getScreenshotAs(Unknown Source)
at org.openqa.selenium.support.events.EventFiringWebDriver.getScreenshotAs(EventFiringWebDriver.java:291)
at com.qa.utility.TestUtils.takeScreenshotAtEndOfTest(TestUtils.java:101)
at com.qa.utility.WebEventListener.onException(WebEventListener.java:61)
at org.openqa.selenium.support.events.EventFiringWebDriver$1.invoke(EventFiringWebDriver.java:85)
at com.sun.proxy.$Proxy10.onException(Unknown Source)
at org.openqa.selenium.support.events.EventFiringWebDriver$2.invoke(EventFiringWebDriver.java:110)
at com.sun.proxy.$Proxy11.getScreenshotAs(Unknown Source)
at org.openqa.selenium.support.events.EventFiringWebDriver.getScreenshotAs(EventFiringWebDriver.java:291)
at com.qa.utility.TestUtils.takeScreenshotAtEndOfTest(TestUtils.java:101)
at com.qa.utility.WebEventListener.onException(WebEventListener.java:61)
at org.openqa.selenium.support.events.EventFiringWebDriver$1.invoke(EventFiringWebDriver.java:85)
at com.sun.proxy.$Proxy10.onException(Unknown Source)
at org.openqa.selenium.support.events.EventFiringWebDriver$2.invoke(EventFiringWebDriver.java:110)
at com.sun.proxy.$Proxy11.getScreenshotAs(Unknown Source)
at org.openqa.selenium.support.events.EventFiringWebDriver.getScreenshotAs(EventFiringWebDriver.java:291)
at com.qa.utility.TestUtils.takeScreenshotAtEndOfTest(TestUtils.java:101)
at com.qa.utility.WebEventListener.onException(WebEventListener.java:61)
at org.openqa.selenium.support.events.EventFiringWebDriver$1.invoke(EventFiringWebDriver.java:85)
at com.sun.proxy.$Proxy10.onException(Unknown Source)
at org.openqa.selenium.support.events.EventFiringWebDriver$2.invoke(EventFiringWebDriver.java:110)
at com.sun.proxy.$Proxy11.getScreenshotAs(Unknown Source)
at org.openqa.selenium.support.events.EventFiringWebDriver.getScreenshotAs(EventFiringWebDriver.java:291)
at com.qa.utility.TestUtils.takeScreenshotAtEndOfTest(TestUtils.java:101)
at com.qa.utility.WebEventListener.onException(WebEventListener.java:61)
at org.openqa.selenium.support.events.EventFiringWebDriver$1.invoke(EventFiringWebDriver.java:85)
at com.sun.proxy.$Proxy10.onException(Unknown Source)
at org.openqa.selenium.support.events.EventFiringWebDriver$2.invoke(EventFiringWebDriver.java:110)
at com.sun.proxy.$Proxy11.getScreenshotAs(Unknown Source)
at org.openqa.selenium.support.events.EventFiringWebDriver.getScreenshotAs(EventFiringWebDriver.java:291)
at com.qa.utility.TestUtils.takeScreenshotAtEndOfTest(TestUtils.java:101)
at com.qa.utility.WebEventListener.onException(WebEventListener.java:61)
at org.openqa.selenium.support.events.EventFiringWebDriver$1.invoke(EventFiringWebDriver.java:85)
at com.sun.proxy.$Proxy10.onException(Unknown Source)
at org.openqa.selenium.support.events.EventFiringWebDriver$2.invoke(EventFiringWebDriver.java:110)
at com.sun.proxy.$Proxy11.getScreenshotAs(Unknown Source)
at org.openqa.selenium.support.events.EventFiringWebDriver.getScreenshotAs(EventFiringWebDriver.java:291)
at com.qa.utility.TestUtils.takeScreenshotAtEndOfTest(TestUtils.java:101)
at com.qa.utility.WebEventListener.onException(WebEventListener.java:61)
at org.openqa.selenium.support.events.EventFiringWebDriver$1.invoke(EventFiringWebDriver.java:85)
at com.sun.proxy.$Proxy10.onException(Unknown Source)
at org.openqa.selenium.support.events.EventFiringWebDriver$2.invoke(EventFiringWebDriver.java:110)
at com.sun.proxy.$Proxy11.getScreenshotAs(Unknown Source)
at org.openqa.selenium.support.events.EventFiringWebDriver.getScreenshotAs(EventFiringWebDriver.java:291)
at com.qa.utility.TestUtils.takeScreenshotAtEndOfTest(TestUtils.java:101)
at com.qa.utility.WebEventListener.onException(WebEventListener.java:61)
at org.openqa.selenium.support.events.EventFiringWebDriver$1.invoke(EventFiringWebDriver.java:85)
at com.sun.proxy.$Proxy10.onException(Unknown Source)
at org.openqa.selenium.support.events.EventFiringWebDriver$2.invoke(EventFiringWebDriver.java:110)
at com.sun.proxy.$Proxy11.getScreenshotAs(Unknown Source)
at org.openqa.selenium.support.events.EventFiringWebDriver.getScreenshotAs(EventFiringWebDriver.java:291)
at com.qa.utility.TestUtils.takeScreenshotAtEndOfTest(TestUtils.java:101)
at com.qa.utility.WebEventListener.onException(WebEventListener.java:61)
at org.openqa.selenium.support.events.EventFiringWebDriver$1.invoke(EventFiringWebDriver.java:85)
at com.sun.proxy.$Proxy10.onException(Unknown Source)
at org.openqa.selenium.support.events.EventFiringWebDriver$2.invoke(EventFiringWebDriver.java:110)
at com.sun.proxy.$Proxy11.getScreenshotAs(Unknown Source)
at org.openqa.selenium.support.events.EventFiringWebDriver.getScreenshotAs(EventFiringWebDriver.java:291)
at com.qa.utility.TestUtils.takeScreenshotAtEndOfTest(TestUtils.java:101)
at com.qa.utility.WebEventListener.onException(WebEventListener.java:61)
at org.openqa.selenium.support.events.EventFiringWebDriver$1.invoke(EventFiringWebDriver.java:85)
at com.sun.proxy.$Proxy10.onException(Unknown Source)
at org.openqa.selenium.support.events.EventFiringWebDriver$2.invoke(EventFiringWebDriver.java:110)
at com.sun.proxy.$Proxy11.getScreenshotAs(Unknown Source)
at org.openqa.selenium.support.events.EventFiringWebDriver.getScreenshotAs(EventFiringWebDriver.java:291)
at com.qa.utility.TestUtils.takeScreenshotAtEndOfTest(TestUtils.java:101)
at com.qa.utility.WebEventListener.onException(WebEventListener.java:61)
at org.openqa.selenium.support.events.EventFiringWebDriver$1.invoke(EventFiringWebDriver.java:85)
at com.sun.proxy.$Proxy10.onException(Unknown Source)
at org.openqa.selenium.support.events.EventFiringWebDriver$2.invoke(EventFiringWebDriver.java:110)
at com.sun.proxy.$Proxy11.getScreenshotAs(Unknown Source)
at org.openqa.selenium.support.events.EventFiringWebDriver.getScreenshotAs(EventFiringWebDriver.java:291)
at com.qa.utility.TestUtils.takeScreenshotAtEndOfTest(TestUtils.java:101)
at com.qa.utility.WebEventListener.onException(WebEventListener.java:61)
at org.openqa.selenium.support.events.EventFiringWebDriver$1.invoke(EventFiringWebDriver.java:85)
at com.sun.proxy.$Proxy10.onException(Unknown Source)
at org.openqa.selenium.support.events.EventFiringWebDriver$2.invoke(EventFiringWebDriver.java:110)
at com.sun.proxy.$Proxy11.getScreenshotAs(Unknown Source)
at org.openqa.selenium.support.events.EventFiringWebDriver.getScreenshotAs(EventFiringWebDriver.java:291)
at com.qa.utility.TestUtils.takeScreenshotAtEndOfTest(TestUtils.java:101)
at com.qa.utility.WebEventListener.onException(WebEventListener.java:61)
at org.openqa.selenium.support.events.EventFiringWebDriver$1.invoke(EventFiringWebDriver.java:85)
at com.sun.proxy.$Proxy10.onException(Unknown Source)
at org.openqa.selenium.support.events.EventFiringWebDriver$2.invoke(EventFiringWebDriver.java:110)
at com.sun.proxy.$Proxy11.getScreenshotAs(Unknown Source)
at org.openqa.selenium.support.events.EventFiringWebDriver.getScreenshotAs(EventFiringWebDriver.java:291)
at com.qa.utility.TestUtils.takeScreenshotAtEndOfTest(TestUtils.java:101)
at com.qa.utility.WebEventListener.onException(WebEventListener.java:61)
at org.openqa.selenium.support.events.EventFiringWebDriver$1.invoke(EventFiringWebDriver.java:85)
at com.sun.proxy.$Proxy10.onException(Unknown Source)
at org.openqa.selenium.support.events.EventFiringWebDriver$2.invoke(EventFiringWebDriver.java:110)
at com.sun.proxy.$Proxy11.getScreenshotAs(Unknown Source)
at org.openqa.selenium.support.events.EventFiringWebDriver.getScreenshotAs(EventFiringWebDriver.java:291)
at com.qa.utility.TestUtils.takeScreenshotAtEndOfTest(TestUtils.java:101)
at com.qa.utility.WebEventListener.onException(WebEventListener.java:61)
at org.openqa.selenium.support.events.EventFiringWebDriver$1.invoke(EventFiringWebDriver.java:85)
at com.sun.proxy.$Proxy10.onException(Unknown Source)
at org.openqa.selenium.support.events.EventFiringWebDriver$2.invoke(EventFiringWebDriver.java:110)
at com.sun.proxy.$Proxy11.getScreenshotAs(Unknown Source)
at org.openqa.selenium.support.events.EventFiringWebDriver.getScreenshotAs(EventFiringWebDriver.java:291)
at com.qa.utility.TestUtils.takeScreenshotAtEndOfTest(TestUtils.java:101)
at com.qa.utility.WebEventListener.onException(WebEventListener.java:61)
at org.openqa.selenium.support.events.EventFiringWebDriver$1.invoke(EventFiringWebDriver.java:85)
at com.sun.proxy.$Proxy10.onException(Unknown Source)
at org.openqa.selenium.support.events.EventFiringWebDriver$2.invoke(EventFiringWebDriver.java:110)
at com.sun.proxy.$Proxy11.getScreenshotAs(Unknown Source)
at org.openqa.selenium.support.events.EventFiringWebDriver.getScreenshotAs(EventFiringWebDriver.java:291)
at com.qa.utility.TestUtils.takeScreenshotAtEndOfTest(TestUtils.java:101)
at com.qa.utility.WebEventListener.onException(WebEventListener.java:61)
at org.openqa.selenium.support.events.EventFiringWebDriver$1.invoke(EventFiringWebDriver.java:85)
at com.sun.proxy.$Proxy10.onException(Unknown Source)
at org.openqa.selenium.support.events.EventFiringWebDriver$2.invoke(EventFiringWebDriver.java:110)
at com.sun.proxy.$Proxy11.getScreenshotAs(Unknown Source)
at org.openqa.selenium.support.events.EventFiringWebDriver.getScreenshotAs(EventFiringWebDriver.java:291)
at com.qa.utility.TestUtils.takeScreenshotAtEndOfTest(TestUtils.java:101)
at com.qa.utility.WebEventListener.onException(WebEventListener.java:61)
at org.openqa.selenium.support.events.EventFiringWebDriver$1.invoke(EventFiringWebDriver.java:85)
at com.sun.proxy.$Proxy10.onException(Unknown Source)
at org.openqa.selenium.support.events.EventFiringWebDriver$2.invoke(EventFiringWebDriver.java:110)
at com.sun.proxy.$Proxy11.getScreenshotAs(Unknown Source)
at org.openqa.selenium.support.events.EventFiringWebDriver.getScreenshotAs(EventFiringWebDriver.java:291)
at com.qa.utility.TestUtils.takeScreenshotAtEndOfTest(TestUtils.java:101)
at com.qa.utility.WebEventListener.onException(WebEventListener.java:61)
at org.openqa.selenium.support.events.EventFiringWebDriver$1.invoke(EventFiringWebDriver.java:85)
at com.sun.proxy.$Proxy10.onException(Unknown Source)
at org.openqa.selenium.support.events.EventFiringWebDriver$2.invoke(EventFiringWebDriver.java:110)
at com.sun.proxy.$Proxy11.getScreenshotAs(Unknown Source)
at org.openqa.selenium.support.events.EventFiringWebDriver.getScreenshotAs(EventFiringWebDriver.java:291)
at com.qa.utility.TestUtils.takeScreenshotAtEndOfTest(TestUtils.java:101)
at com.qa.utility.WebEventListener.onException(WebEventListener.java:61)
at org.openqa.selenium.support.events.EventFiringWebDriver$1.invoke(EventFiringWebDriver.java:85)
at com.sun.proxy.$Proxy10.onException(Unknown Source)
at org.openqa.selenium.support.events.EventFiringWebDriver$2.invoke(EventFiringWebDriver.java:110)
at com.sun.proxy.$Proxy11.getScreenshotAs(Unknown Source)
at org.openqa.selenium.support.events.EventFiringWebDriver.getScreenshotAs(EventFiringWebDriver.java:291)
at com.qa.utility.TestUtils.takeScreenshotAtEndOfTest(TestUtils.java:101)
at com.qa.utility.WebEventListener.onException(WebEventListener.java:61)
at org.openqa.selenium.support.events.EventFiringWebDriver$1.invoke(EventFiringWebDriver.java:85)
at com.sun.proxy.$Proxy10.onException(Unknown Source)
at org.openqa.selenium.support.events.EventFiringWebDriver$2.invoke(EventFiringWebDriver.java:110)
at com.sun.proxy.$Proxy11.getScreenshotAs(Unknown Source)
at org.openqa.selenium.support.events.EventFiringWebDriver.getScreenshotAs(EventFiringWebDriver.java:291)
at com.qa.utility.TestUtils.takeScreenshotAtEndOfTest(TestUtils.java:101)
at com.qa.utility.WebEventListener.onException(WebEventListener.java:61)
at org.openqa.selenium.support.events.EventFiringWebDriver$1.invoke(EventFiringWebDriver.java:85)
at com.sun.proxy.$Proxy10.onException(Unknown Source)
at org.openqa.selenium.support.events.EventFiringWebDriver$2.invoke(EventFiringWebDriver.java:110)
at com.sun.proxy.$Proxy11.getScreenshotAs(Unknown Source)
at org.openqa.selenium.support.events.EventFiringWebDriver.getScreenshotAs(EventFiringWebDriver.java:291)
at com.qa.utility.TestUtils.takeScreenshotAtEndOfTest(TestUtils.java:101)
at com.qa.utility.WebEventListener.onException(WebEventListener.java:61)
at org.openqa.selenium.support.events.EventFiringWebDriver$1.invoke(EventFiringWebDriver.java:85)
at com.sun.proxy.$Proxy10.onException(Unknown Source)
at org.openqa.selenium.support.events.EventFiringWebDriver$2.invoke(EventFiringWebDriver.java:110)
at com.sun.proxy.$Proxy11.getScreenshotAs(Unknown Source)
at org.openqa.selenium.support.events.EventFiringWebDriver.getScreenshotAs(EventFiringWebDriver.java:291)
at com.qa.utility.TestUtils.takeScreenshotAtEndOfTest(TestUtils.java:101)
at com.qa.utility.WebEventListener.onException(WebEventListener.java:61)
at org.openqa.selenium.support.events.EventFiringWebDriver$1.invoke(EventFiringWebDriver.java:85)
at com.sun.proxy.$Proxy10.onException(Unknown Source)
at org.openqa.selenium.support.events.EventFiringWebDriver$2.invoke(EventFiringWebDriver.java:110)
at com.sun.proxy.$Proxy11.getScreenshotAs(Unknown Source)
at org.openqa.selenium.support.events.EventFiringWebDriver.getScreenshotAs(EventFiringWebDriver.java:291)
at com.qa.utility.TestUtils.takeScreenshotAtEndOfTest(TestUtils.java:101)
at com.qa.utility.WebEventListener.onException(WebEventListener.java:61)
at org.openqa.selenium.support.events.EventFiringWebDriver$1.invoke(EventFiringWebDriver.java:85)
at com.sun.proxy.$Proxy10.onException(Unknown Source)
at org.openqa.selenium.support.events.EventFiringWebDriver$2.invoke(EventFiringWebDriver.java:110)
at com.sun.proxy.$Proxy11.getScreenshotAs(Unknown Source)
at org.openqa.selenium.support.events.EventFiringWebDriver.getScreenshotAs(EventFiringWebDriver.java:291)
at com.qa.utility.TestUtils.takeScreenshotAtEndOfTest(TestUtils.java:101)
at com.qa.utility.WebEventListener.onException(WebEventListener.java:61)
at org.openqa.selenium.support.events.EventFiringWebDriver$1.invoke(EventFiringWebDriver.java:85)
at com.sun.proxy.$Proxy10.onException(Unknown Source)
at org.openqa.selenium.support.events.EventFiringWebDriver$2.invoke(EventFiringWebDriver.java:110)
at com.sun.proxy.$Proxy11.getScreenshotAs(Unknown Source)
at org.openqa.selenium.support.events.EventFiringWebDriver.getScreenshotAs(EventFiringWebDriver.java:291)
at com.qa.utility.TestUtils.takeScreenshotAtEndOfTest(TestUtils.java:101)
at com.qa.utility.WebEventListener.onException(WebEventListener.java:61)
at org.openqa.selenium.support.events.EventFiringWebDriver$1.invoke(EventFiringWebDriver.java:85)
at com.sun.proxy.$Proxy10.onException(Unknown Source)
at org.openqa.selenium.support.events.EventFiringWebDriver$2.invoke(EventFiringWebDriver.java:110)
at com.sun.proxy.$Proxy11.getScreenshotAs(Unknown Source)
at org.openqa.selenium.support.events.EventFiringWebDriver.getScreenshotAs(EventFiringWebDriver.java:291)
at com.qa.utility.TestUtils.takeScreenshotAtEndOfTest(TestUtils.java:101)
at com.qa.utility.WebEventListener.onException(WebEventListener.java:61)
at org.openqa.selenium.support.events.EventFiringWebDriver$1.invoke(EventFiringWebDriver.java:85)
at com.sun.proxy.$Proxy10.onException(Unknown Source)
... Removed 306 stack frames]]>
    </failure>
  </testcase> <!-- @AfterMethod appclose -->
  <testcase classname="com.qa.tests.LoginPageTest" name="Login" time="0.287"/>
  <testcase classname="com.qa.tests.LoginPageTest" name="Login" time="0.277"/>
  <testcase classname="com.qa.tests.LoginPageTest" name="Login" time="4.173">
    <failure type="java.lang.StackOverflowError">
      <![CDATA[java.lang.StackOverflowError
at java.base/java.nio.CharBuffer.wrap(CharBuffer.java:406)
at java.base/sun.nio.cs.StreamEncoder.implWrite(StreamEncoder.java:289)
at java.base/sun.nio.cs.StreamEncoder.write(StreamEncoder.java:131)
at java.base/java.io.OutputStreamWriter.write(OutputStreamWriter.java:208)
at java.base/java.io.BufferedWriter.flushBuffer(BufferedWriter.java:120)
at java.base/java.io.PrintStream.writeln(PrintStream.java:722)
at java.base/java.io.PrintStream.println(PrintStream.java:1028)
at com.qa.utility.WebEventListener.onException(WebEventListener.java:59)
at org.openqa.selenium.support.events.EventFiringWebDriver$1.invoke(EventFiringWebDriver.java:85)
at com.sun.proxy.$Proxy10.onException(Unknown Source)
at org.openqa.selenium.support.events.EventFiringWebDriver$2.invoke(EventFiringWebDriver.java:110)
at com.sun.proxy.$Proxy11.getScreenshotAs(Unknown Source)
at org.openqa.selenium.support.events.EventFiringWebDriver.getScreenshotAs(EventFiringWebDriver.java:291)
at com.qa.utility.TestUtils.takeScreenshotAtEndOfTest(TestUtils.java:101)
at com.qa.utility.WebEventListener.onException(WebEventListener.java:61)
at org.openqa.selenium.support.events.EventFiringWebDriver$1.invoke(EventFiringWebDriver.java:85)
at com.sun.proxy.$Proxy10.onException(Unknown Source)
at org.openqa.selenium.support.events.EventFiringWebDriver$2.invoke(EventFiringWebDriver.java:110)
at com.sun.proxy.$Proxy11.getScreenshotAs(Unknown Source)
at org.openqa.selenium.support.events.EventFiringWebDriver.getScreenshotAs(EventFiringWebDriver.java:291)
at com.qa.utility.TestUtils.takeScreenshotAtEndOfTest(TestUtils.java:101)
at com.qa.utility.WebEventListener.onException(WebEventListener.java:61)
at org.openqa.selenium.support.events.EventFiringWebDriver$1.invoke(EventFiringWebDriver.java:85)
at com.sun.proxy.$Proxy10.onException(Unknown Source)
at org.openqa.selenium.support.events.EventFiringWebDriver$2.invoke(EventFiringWebDriver.java:110)
at com.sun.proxy.$Proxy11.getScreenshotAs(Unknown Source)
at org.openqa.selenium.support.events.EventFiringWebDriver.getScreenshotAs(EventFiringWebDriver.java:291)
at com.qa.utility.TestUtils.takeScreenshotAtEndOfTest(TestUtils.java:101)
at com.qa.utility.WebEventListener.onException(WebEventListener.java:61)
at org.openqa.selenium.support.events.EventFiringWebDriver$1.invoke(EventFiringWebDriver.java:85)
at com.sun.proxy.$Proxy10.onException(Unknown Source)
at org.openqa.selenium.support.events.EventFiringWebDriver$2.invoke(EventFiringWebDriver.java:110)
at com.sun.proxy.$Proxy11.getScreenshotAs(Unknown Source)
at org.openqa.selenium.support.events.EventFiringWebDriver.getScreenshotAs(EventFiringWebDriver.java:291)
at com.qa.utility.TestUtils.takeScreenshotAtEndOfTest(TestUtils.java:101)
at com.qa.utility.WebEventListener.onException(WebEventListener.java:61)
at org.openqa.selenium.support.events.EventFiringWebDriver$1.invoke(EventFiringWebDriver.java:85)
at com.sun.proxy.$Proxy10.onException(Unknown Source)
at org.openqa.selenium.support.events.EventFiringWebDriver$2.invoke(EventFiringWebDriver.java:110)
at com.sun.proxy.$Proxy11.getScreenshotAs(Unknown Source)
at org.openqa.selenium.support.events.EventFiringWebDriver.getScreenshotAs(EventFiringWebDriver.java:291)
at com.qa.utility.TestUtils.takeScreenshotAtEndOfTest(TestUtils.java:101)
at com.qa.utility.WebEventListener.onException(WebEventListener.java:61)
at org.openqa.selenium.support.events.EventFiringWebDriver$1.invoke(EventFiringWebDriver.java:85)
at com.sun.proxy.$Proxy10.onException(Unknown Source)
at org.openqa.selenium.support.events.EventFiringWebDriver$2.invoke(EventFiringWebDriver.java:110)
at com.sun.proxy.$Proxy11.getScreenshotAs(Unknown Source)
at org.openqa.selenium.support.events.EventFiringWebDriver.getScreenshotAs(EventFiringWebDriver.java:291)
at com.qa.utility.TestUtils.takeScreenshotAtEndOfTest(TestUtils.java:101)
at com.qa.utility.WebEventListener.onException(WebEventListener.java:61)
at org.openqa.selenium.support.events.EventFiringWebDriver$1.invoke(EventFiringWebDriver.java:85)
at com.sun.proxy.$Proxy10.onException(Unknown Source)
at org.openqa.selenium.support.events.EventFiringWebDriver$2.invoke(EventFiringWebDriver.java:110)
at com.sun.proxy.$Proxy11.getScreenshotAs(Unknown Source)
at org.openqa.selenium.support.events.EventFiringWebDriver.getScreenshotAs(EventFiringWebDriver.java:291)
at com.qa.utility.TestUtils.takeScreenshotAtEndOfTest(TestUtils.java:101)
at com.qa.utility.WebEventListener.onException(WebEventListener.java:61)
at org.openqa.selenium.support.events.EventFiringWebDriver$1.invoke(EventFiringWebDriver.java:85)
at com.sun.proxy.$Proxy10.onException(Unknown Source)
at org.openqa.selenium.support.events.EventFiringWebDriver$2.invoke(EventFiringWebDriver.java:110)
at com.sun.proxy.$Proxy11.getScreenshotAs(Unknown Source)
at org.openqa.selenium.support.events.EventFiringWebDriver.getScreenshotAs(EventFiringWebDriver.java:291)
at com.qa.utility.TestUtils.takeScreenshotAtEndOfTest(TestUtils.java:101)
at com.qa.utility.WebEventListener.onException(WebEventListener.java:61)
at org.openqa.selenium.support.events.EventFiringWebDriver$1.invoke(EventFiringWebDriver.java:85)
at com.sun.proxy.$Proxy10.onException(Unknown Source)
at org.openqa.selenium.support.events.EventFiringWebDriver$2.invoke(EventFiringWebDriver.java:110)
at com.sun.proxy.$Proxy11.getScreenshotAs(Unknown Source)
at org.openqa.selenium.support.events.EventFiringWebDriver.getScreenshotAs(EventFiringWebDriver.java:291)
at com.qa.utility.TestUtils.takeScreenshotAtEndOfTest(TestUtils.java:101)
at com.qa.utility.WebEventListener.onException(WebEventListener.java:61)
at org.openqa.selenium.support.events.EventFiringWebDriver$1.invoke(EventFiringWebDriver.java:85)
at com.sun.proxy.$Proxy10.onException(Unknown Source)
at org.openqa.selenium.support.events.EventFiringWebDriver$2.invoke(EventFiringWebDriver.java:110)
at com.sun.proxy.$Proxy11.getScreenshotAs(Unknown Source)
at org.openqa.selenium.support.events.EventFiringWebDriver.getScreenshotAs(EventFiringWebDriver.java:291)
at com.qa.utility.TestUtils.takeScreenshotAtEndOfTest(TestUtils.java:101)
at com.qa.utility.WebEventListener.onException(WebEventListener.java:61)
at org.openqa.selenium.support.events.EventFiringWebDriver$1.invoke(EventFiringWebDriver.java:85)
at com.sun.proxy.$Proxy10.onException(Unknown Source)
at org.openqa.selenium.support.events.EventFiringWebDriver$2.invoke(EventFiringWebDriver.java:110)
at com.sun.proxy.$Proxy11.getScreenshotAs(Unknown Source)
at org.openqa.selenium.support.events.EventFiringWebDriver.getScreenshotAs(EventFiringWebDriver.java:291)
at com.qa.utility.TestUtils.takeScreenshotAtEndOfTest(TestUtils.java:101)
at com.qa.utility.WebEventListener.onException(WebEventListener.java:61)
at org.openqa.selenium.support.events.EventFiringWebDriver$1.invoke(EventFiringWebDriver.java:85)
at com.sun.proxy.$Proxy10.onException(Unknown Source)
at org.openqa.selenium.support.events.EventFiringWebDriver$2.invoke(EventFiringWebDriver.java:110)
at com.sun.proxy.$Proxy11.getScreenshotAs(Unknown Source)
at org.openqa.selenium.support.events.EventFiringWebDriver.getScreenshotAs(EventFiringWebDriver.java:291)
at com.qa.utility.TestUtils.takeScreenshotAtEndOfTest(TestUtils.java:101)
at com.qa.utility.WebEventListener.onException(WebEventListener.java:61)
at org.openqa.selenium.support.events.EventFiringWebDriver$1.invoke(EventFiringWebDriver.java:85)
at com.sun.proxy.$Proxy10.onException(Unknown Source)
at org.openqa.selenium.support.events.EventFiringWebDriver$2.invoke(EventFiringWebDriver.java:110)
at com.sun.proxy.$Proxy11.getScreenshotAs(Unknown Source)
at org.openqa.selenium.support.events.EventFiringWebDriver.getScreenshotAs(EventFiringWebDriver.java:291)
at com.qa.utility.TestUtils.takeScreenshotAtEndOfTest(TestUtils.java:101)
at com.qa.utility.WebEventListener.onException(WebEventListener.java:61)
at org.openqa.selenium.support.events.EventFiringWebDriver$1.invoke(EventFiringWebDriver.java:85)
at com.sun.proxy.$Proxy10.onException(Unknown Source)
at org.openqa.selenium.support.events.EventFiringWebDriver$2.invoke(EventFiringWebDriver.java:110)
at com.sun.proxy.$Proxy11.getScreenshotAs(Unknown Source)
at org.openqa.selenium.support.events.EventFiringWebDriver.getScreenshotAs(EventFiringWebDriver.java:291)
at com.qa.utility.TestUtils.takeScreenshotAtEndOfTest(TestUtils.java:101)
at com.qa.utility.WebEventListener.onException(WebEventListener.java:61)
at org.openqa.selenium.support.events.EventFiringWebDriver$1.invoke(EventFiringWebDriver.java:85)
at com.sun.proxy.$Proxy10.onException(Unknown Source)
at org.openqa.selenium.support.events.EventFiringWebDriver$2.invoke(EventFiringWebDriver.java:110)
at com.sun.proxy.$Proxy11.getScreenshotAs(Unknown Source)
at org.openqa.selenium.support.events.EventFiringWebDriver.getScreenshotAs(EventFiringWebDriver.java:291)
at com.qa.utility.TestUtils.takeScreenshotAtEndOfTest(TestUtils.java:101)
at com.qa.utility.WebEventListener.onException(WebEventListener.java:61)
at org.openqa.selenium.support.events.EventFiringWebDriver$1.invoke(EventFiringWebDriver.java:85)
at com.sun.proxy.$Proxy10.onException(Unknown Source)
at org.openqa.selenium.support.events.EventFiringWebDriver$2.invoke(EventFiringWebDriver.java:110)
at com.sun.proxy.$Proxy11.getScreenshotAs(Unknown Source)
at org.openqa.selenium.support.events.EventFiringWebDriver.getScreenshotAs(EventFiringWebDriver.java:291)
at com.qa.utility.TestUtils.takeScreenshotAtEndOfTest(TestUtils.java:101)
at com.qa.utility.WebEventListener.onException(WebEventListener.java:61)
at org.openqa.selenium.support.events.EventFiringWebDriver$1.invoke(EventFiringWebDriver.java:85)
at com.sun.proxy.$Proxy10.onException(Unknown Source)
at org.openqa.selenium.support.events.EventFiringWebDriver$2.invoke(EventFiringWebDriver.java:110)
at com.sun.proxy.$Proxy11.getScreenshotAs(Unknown Source)
at org.openqa.selenium.support.events.EventFiringWebDriver.getScreenshotAs(EventFiringWebDriver.java:291)
at com.qa.utility.TestUtils.takeScreenshotAtEndOfTest(TestUtils.java:101)
at com.qa.utility.WebEventListener.onException(WebEventListener.java:61)
at org.openqa.selenium.support.events.EventFiringWebDriver$1.invoke(EventFiringWebDriver.java:85)
at com.sun.proxy.$Proxy10.onException(Unknown Source)
at org.openqa.selenium.support.events.EventFiringWebDriver$2.invoke(EventFiringWebDriver.java:110)
at com.sun.proxy.$Proxy11.getScreenshotAs(Unknown Source)
at org.openqa.selenium.support.events.EventFiringWebDriver.getScreenshotAs(EventFiringWebDriver.java:291)
at com.qa.utility.TestUtils.takeScreenshotAtEndOfTest(TestUtils.java:101)
at com.qa.utility.WebEventListener.onException(WebEventListener.java:61)
at org.openqa.selenium.support.events.EventFiringWebDriver$1.invoke(EventFiringWebDriver.java:85)
at com.sun.proxy.$Proxy10.onException(Unknown Source)
at org.openqa.selenium.support.events.EventFiringWebDriver$2.invoke(EventFiringWebDriver.java:110)
at com.sun.proxy.$Proxy11.getScreenshotAs(Unknown Source)
at org.openqa.selenium.support.events.EventFiringWebDriver.getScreenshotAs(EventFiringWebDriver.java:291)
at com.qa.utility.TestUtils.takeScreenshotAtEndOfTest(TestUtils.java:101)
at com.qa.utility.WebEventListener.onException(WebEventListener.java:61)
at org.openqa.selenium.support.events.EventFiringWebDriver$1.invoke(EventFiringWebDriver.java:85)
at com.sun.proxy.$Proxy10.onException(Unknown Source)
at org.openqa.selenium.support.events.EventFiringWebDriver$2.invoke(EventFiringWebDriver.java:110)
at com.sun.proxy.$Proxy11.getScreenshotAs(Unknown Source)
at org.openqa.selenium.support.events.EventFiringWebDriver.getScreenshotAs(EventFiringWebDriver.java:291)
at com.qa.utility.TestUtils.takeScreenshotAtEndOfTest(TestUtils.java:101)
at com.qa.utility.WebEventListener.onException(WebEventListener.java:61)
at org.openqa.selenium.support.events.EventFiringWebDriver$1.invoke(EventFiringWebDriver.java:85)
at com.sun.proxy.$Proxy10.onException(Unknown Source)
at org.openqa.selenium.support.events.EventFiringWebDriver$2.invoke(EventFiringWebDriver.java:110)
at com.sun.proxy.$Proxy11.getScreenshotAs(Unknown Source)
at org.openqa.selenium.support.events.EventFiringWebDriver.getScreenshotAs(EventFiringWebDriver.java:291)
at com.qa.utility.TestUtils.takeScreenshotAtEndOfTest(TestUtils.java:101)
at com.qa.utility.WebEventListener.onException(WebEventListener.java:61)
at org.openqa.selenium.support.events.EventFiringWebDriver$1.invoke(EventFiringWebDriver.java:85)
at com.sun.proxy.$Proxy10.onException(Unknown Source)
at org.openqa.selenium.support.events.EventFiringWebDriver$2.invoke(EventFiringWebDriver.java:110)
at com.sun.proxy.$Proxy11.getScreenshotAs(Unknown Source)
at org.openqa.selenium.support.events.EventFiringWebDriver.getScreenshotAs(EventFiringWebDriver.java:291)
at com.qa.utility.TestUtils.takeScreenshotAtEndOfTest(TestUtils.java:101)
at com.qa.utility.WebEventListener.onException(WebEventListener.java:61)
at org.openqa.selenium.support.events.EventFiringWebDriver$1.invoke(EventFiringWebDriver.java:85)
at com.sun.proxy.$Proxy10.onException(Unknown Source)
at org.openqa.selenium.support.events.EventFiringWebDriver$2.invoke(EventFiringWebDriver.java:110)
at com.sun.proxy.$Proxy11.getScreenshotAs(Unknown Source)
at org.openqa.selenium.support.events.EventFiringWebDriver.getScreenshotAs(EventFiringWebDriver.java:291)
at com.qa.utility.TestUtils.takeScreenshotAtEndOfTest(TestUtils.java:101)
at com.qa.utility.WebEventListener.onException(WebEventListener.java:61)
at org.openqa.selenium.support.events.EventFiringWebDriver$1.invoke(EventFiringWebDriver.java:85)
at com.sun.proxy.$Proxy10.onException(Unknown Source)
at org.openqa.selenium.support.events.EventFiringWebDriver$2.invoke(EventFiringWebDriver.java:110)
at com.sun.proxy.$Proxy11.getScreenshotAs(Unknown Source)
at org.openqa.selenium.support.events.EventFiringWebDriver.getScreenshotAs(EventFiringWebDriver.java:291)
at com.qa.utility.TestUtils.takeScreenshotAtEndOfTest(TestUtils.java:101)
at com.qa.utility.WebEventListener.onException(WebEventListener.java:61)
at org.openqa.selenium.support.events.EventFiringWebDriver$1.invoke(EventFiringWebDriver.java:85)
at com.sun.proxy.$Proxy10.onException(Unknown Source)
at org.openqa.selenium.support.events.EventFiringWebDriver$2.invoke(EventFiringWebDriver.java:110)
at com.sun.proxy.$Proxy11.getScreenshotAs(Unknown Source)
at org.openqa.selenium.support.events.EventFiringWebDriver.getScreenshotAs(EventFiringWebDriver.java:291)
at com.qa.utility.TestUtils.takeScreenshotAtEndOfTest(TestUtils.java:101)
at com.qa.utility.WebEventListener.onException(WebEventListener.java:61)
at org.openqa.selenium.support.events.EventFiringWebDriver$1.invoke(EventFiringWebDriver.java:85)
at com.sun.proxy.$Proxy10.onException(Unknown Source)
at org.openqa.selenium.support.events.EventFiringWebDriver$2.invoke(EventFiringWebDriver.java:110)
at com.sun.proxy.$Proxy11.getScreenshotAs(Unknown Source)
at org.openqa.selenium.support.events.EventFiringWebDriver.getScreenshotAs(EventFiringWebDriver.java:291)
at com.qa.utility.TestUtils.takeScreenshotAtEndOfTest(TestUtils.java:101)
at com.qa.utility.WebEventListener.onException(WebEventListener.java:61)
at org.openqa.selenium.support.events.EventFiringWebDriver$1.invoke(EventFiringWebDriver.java:85)
at com.sun.proxy.$Proxy10.onException(Unknown Source)
at org.openqa.selenium.support.events.EventFiringWebDriver$2.invoke(EventFiringWebDriver.java:110)
at com.sun.proxy.$Proxy11.getScreenshotAs(Unknown Source)
at org.openqa.selenium.support.events.EventFiringWebDriver.getScreenshotAs(EventFiringWebDriver.java:291)
at com.qa.utility.TestUtils.takeScreenshotAtEndOfTest(TestUtils.java:101)
at com.qa.utility.WebEventListener.onException(WebEventListener.java:61)
at org.openqa.selenium.support.events.EventFiringWebDriver$1.invoke(EventFiringWebDriver.java:85)
at com.sun.proxy.$Proxy10.onException(Unknown Source)
at org.openqa.selenium.support.events.EventFiringWebDriver$2.invoke(EventFiringWebDriver.java:110)
at com.sun.proxy.$Proxy11.getScreenshotAs(Unknown Source)
at org.openqa.selenium.support.events.EventFiringWebDriver.getScreenshotAs(EventFiringWebDriver.java:291)
at com.qa.utility.TestUtils.takeScreenshotAtEndOfTest(TestUtils.java:101)
at com.qa.utility.WebEventListener.onException(WebEventListener.java:61)
at org.openqa.selenium.support.events.EventFiringWebDriver$1.invoke(EventFiringWebDriver.java:85)
at com.sun.proxy.$Proxy10.onException(Unknown Source)
at org.openqa.selenium.support.events.EventFiringWebDriver$2.invoke(EventFiringWebDriver.java:110)
at com.sun.proxy.$Proxy11.getScreenshotAs(Unknown Source)
at org.openqa.selenium.support.events.EventFiringWebDriver.getScreenshotAs(EventFiringWebDriver.java:291)
at com.qa.utility.TestUtils.takeScreenshotAtEndOfTest(TestUtils.java:101)
at com.qa.utility.WebEventListener.onException(WebEventListener.java:61)
at org.openqa.selenium.support.events.EventFiringWebDriver$1.invoke(EventFiringWebDriver.java:85)
at com.sun.proxy.$Proxy10.onException(Unknown Source)
at org.openqa.selenium.support.events.EventFiringWebDriver$2.invoke(EventFiringWebDriver.java:110)
at com.sun.proxy.$Proxy11.getScreenshotAs(Unknown Source)
at org.openqa.selenium.support.events.EventFiringWebDriver.getScreenshotAs(EventFiringWebDriver.java:291)
at com.qa.utility.TestUtils.takeScreenshotAtEndOfTest(TestUtils.java:101)
at com.qa.utility.WebEventListener.onException(WebEventListener.java:61)
at org.openqa.selenium.support.events.EventFiringWebDriver$1.invoke(EventFiringWebDriver.java:85)
at com.sun.proxy.$Proxy10.onException(Unknown Source)
at org.openqa.selenium.support.events.EventFiringWebDriver$2.invoke(EventFiringWebDriver.java:110)
at com.sun.proxy.$Proxy11.getScreenshotAs(Unknown Source)
at org.openqa.selenium.support.events.EventFiringWebDriver.getScreenshotAs(EventFiringWebDriver.java:291)
at com.qa.utility.TestUtils.takeScreenshotAtEndOfTest(TestUtils.java:101)
at com.qa.utility.WebEventListener.onException(WebEventListener.java:61)
at org.openqa.selenium.support.events.EventFiringWebDriver$1.invoke(EventFiringWebDriver.java:85)
at com.sun.proxy.$Proxy10.onException(Unknown Source)
at org.openqa.selenium.support.events.EventFiringWebDriver$2.invoke(EventFiringWebDriver.java:110)
at com.sun.proxy.$Proxy11.getScreenshotAs(Unknown Source)
at org.openqa.selenium.support.events.EventFiringWebDriver.getScreenshotAs(EventFiringWebDriver.java:291)
at com.qa.utility.TestUtils.takeScreenshotAtEndOfTest(TestUtils.java:101)
at com.qa.utility.WebEventListener.onException(WebEventListener.java:61)
at org.openqa.selenium.support.events.EventFiringWebDriver$1.invoke(EventFiringWebDriver.java:85)
at com.sun.proxy.$Proxy10.onException(Unknown Source)
at org.openqa.selenium.support.events.EventFiringWebDriver$2.invoke(EventFiringWebDriver.java:110)
at com.sun.proxy.$Proxy11.getScreenshotAs(Unknown Source)
at org.openqa.selenium.support.events.EventFiringWebDriver.getScreenshotAs(EventFiringWebDriver.java:291)
at com.qa.utility.TestUtils.takeScreenshotAtEndOfTest(TestUtils.java:101)
at com.qa.utility.WebEventListener.onException(WebEventListener.java:61)
at org.openqa.selenium.support.events.EventFiringWebDriver$1.invoke(EventFiringWebDriver.java:85)
at com.sun.proxy.$Proxy10.onException(Unknown Source)
at org.openqa.selenium.support.events.EventFiringWebDriver$2.invoke(EventFiringWebDriver.java:110)
at com.sun.proxy.$Proxy11.getScreenshotAs(Unknown Source)
at org.openqa.selenium.support.events.EventFiringWebDriver.getScreenshotAs(EventFiringWebDriver.java:291)
at com.qa.utility.TestUtils.takeScreenshotAtEndOfTest(TestUtils.java:101)
at com.qa.utility.WebEventListener.onException(WebEventListener.java:61)
at org.openqa.selenium.support.events.EventFiringWebDriver$1.invoke(EventFiringWebDriver.java:85)
at com.sun.proxy.$Proxy10.onException(Unknown Source)
at org.openqa.selenium.support.events.EventFiringWebDriver$2.invoke(EventFiringWebDriver.java:110)
at com.sun.proxy.$Proxy11.getScreenshotAs(Unknown Source)
at org.openqa.selenium.support.events.EventFiringWebDriver.getScreenshotAs(EventFiringWebDriver.java:291)
at com.qa.utility.TestUtils.takeScreenshotAtEndOfTest(TestUtils.java:101)
at com.qa.utility.WebEventListener.onException(WebEventListener.java:61)
at org.openqa.selenium.support.events.EventFiringWebDriver$1.invoke(EventFiringWebDriver.java:85)
at com.sun.proxy.$Proxy10.onException(Unknown Source)
at org.openqa.selenium.support.events.EventFiringWebDriver$2.invoke(EventFiringWebDriver.java:110)
at com.sun.proxy.$Proxy11.getScreenshotAs(Unknown Source)
at org.openqa.selenium.support.events.EventFiringWebDriver.getScreenshotAs(EventFiringWebDriver.java:291)
at com.qa.utility.TestUtils.takeScreenshotAtEndOfTest(TestUtils.java:101)
at com.qa.utility.WebEventListener.onException(WebEventListener.java:61)
at org.openqa.selenium.support.events.EventFiringWebDriver$1.invoke(EventFiringWebDriver.java:85)
at com.sun.proxy.$Proxy10.onException(Unknown Source)
at org.openqa.selenium.support.events.EventFiringWebDriver$2.invoke(EventFiringWebDriver.java:110)
at com.sun.proxy.$Proxy11.getScreenshotAs(Unknown Source)
at org.openqa.selenium.support.events.EventFiringWebDriver.getScreenshotAs(EventFiringWebDriver.java:291)
at com.qa.utility.TestUtils.takeScreenshotAtEndOfTest(TestUtils.java:101)
at com.qa.utility.WebEventListener.onException(WebEventListener.java:61)
at org.openqa.selenium.support.events.EventFiringWebDriver$1.invoke(EventFiringWebDriver.java:85)
at com.sun.proxy.$Proxy10.onException(Unknown Source)
[...]
at com.sun.proxy.$Proxy10.onException(Unknown Source)
at org.openqa.selenium.support.events.EventFiringWebDriver$2.invoke(EventFiringWebDriver.java:110)
at com.sun.proxy.$Proxy11.getScreenshotAs(Unknown Source)
at org.openqa.selenium.support.events.EventFiringWebDriver.getScreenshotAs(EventFiringWebDriver.java:291)
at com.qa.utility.TestUtils.takeScreenshotAtEndOfTest(TestUtils.java:101)
at com.qa.utility.WebEventListener.onException(WebEventListener.java:61)
at org.openqa.selenium.support.events.EventFiringWebDriver$1.invoke(EventFiringWebDriver.java:85)
at com.sun.proxy.$Proxy10.onException(Unknown Source)
at org.openqa.selenium.support.events.EventFiringWebDriver$2.invoke(EventFiringWebDriver.java:110)
at com.sun.proxy.$Proxy11.getScreenshotAs(Unknown Source)
at org.openqa.selenium.support.events.EventFiringWebDriver.getScreenshotAs(EventFiringWebDriver.java:291)
at com.qa.utility.TestUtils.takeScreenshotAtEndOfTest(TestUtils.java:101)
at com.qa.utility.WebEventListener.onException(WebEventListener.java:61)
at org.openqa.selenium.support.events.EventFiringWebDriver$1.invoke(EventFiringWebDriver.java:85)
at com.sun.proxy.$Proxy10.onException(Unknown Source)
at org.openqa.selenium.support.events.EventFiringWebDriver$2.invoke(EventFiringWebDriver.java:110)
at com.sun.proxy.$Proxy11.getScreenshotAs(Unknown Source)
at org.openqa.selenium.support.events.EventFiringWebDriver.getScreenshotAs(EventFiringWebDriver.java:291)
at com.qa.utility.TestUtils.takeScreenshotAtEndOfTest(TestUtils.java:101)
at com.qa.utility.WebEventListener.onException(WebEventListener.java:61)
at org.openqa.selenium.support.events.EventFiringWebDriver$1.invoke(EventFiringWebDriver.java:85)
at com.sun.proxy.$Proxy10.onException(Unknown Source)
at org.openqa.selenium.support.events.EventFiringWebDriver$2.invoke(EventFiringWebDriver.java:110)
at com.sun.proxy.$Proxy11.getScreenshotAs(Unknown Source)
at org.openqa.selenium.support.events.EventFiringWebDriver.getScreenshotAs(EventFiringWebDriver.java:291)
at com.qa.utility.TestUtils.takeScreenshotAtEndOfTest(TestUtils.java:101)
at com.qa.utility.WebEventListener.onException(WebEventListener.java:61)
at org.openqa.selenium.support.events.EventFiringWebDriver$1.invoke(EventFiringWebDriver.java:85)
at com.sun.proxy.$Proxy10.onException(Unknown Source)
at org.openqa.selenium.support.events.EventFiringWebDriver$2.invoke(EventFiringWebDriver.java:110)
at com.sun.proxy.$Proxy11.getScreenshotAs(Unknown Source)
at org.openqa.selenium.support.events.EventFiringWebDriver.getScreenshotAs(EventFiringWebDriver.java:291)
at com.qa.utility.TestUtils.takeScreenshotAtEndOfTest(TestUtils.java:101)
at com.qa.utility.WebEventListener.onException(WebEventListener.java:61)
at org.openqa.selenium.support.events.EventFiringWebDriver$1.invoke(EventFiringWebDriver.java:85)
at com.sun.proxy.$Proxy10.onException(Unknown Source)
at org.openqa.selenium.support.events.EventFiringWebDriver$2.invoke(EventFiringWebDriver.java:110)
at com.sun.proxy.$Proxy11.getScreenshotAs(Unknown Source)
at org.openqa.selenium.support.events.EventFiringWebDriver.getScreenshotAs(EventFiringWebDriver.java:291)
at com.qa.utility.TestUtils.takeScreenshotAtEndOfTest(TestUtils.java:101)
at com.qa.utility.WebEventListener.onException(WebEventListener.java:61)
at org.openqa.selenium.support.events.EventFiringWebDriver$1.invoke(EventFiringWebDriver.java:85)
at com.sun.proxy.$Proxy10.onException(Unknown Source)
at org.openqa.selenium.support.events.EventFiringWebDriver$2.invoke(EventFiringWebDriver.java:110)
at com.sun.proxy.$Proxy11.getScreenshotAs(Unknown Source)
at org.openqa.selenium.support.events.EventFiringWebDriver.getScreenshotAs(EventFiringWebDriver.java:291)
at com.qa.utility.TestUtils.takeScreenshotAtEndOfTest(TestUtils.java:101)
at com.qa.utility.WebEventListener.onException(WebEventListener.java:61)
at org.openqa.selenium.support.events.EventFiringWebDriver$1.invoke(EventFiringWebDriver.java:85)
at com.sun.proxy.$Proxy10.onException(Unknown Source)
at org.openqa.selenium.support.events.EventFiringWebDriver$2.invoke(EventFiringWebDriver.java:110)
at com.sun.proxy.$Proxy11.getScreenshotAs(Unknown Source)
at org.openqa.selenium.support.events.EventFiringWebDriver.getScreenshotAs(EventFiringWebDriver.java:291)
at com.qa.utility.TestUtils.takeScreenshotAtEndOfTest(TestUtils.java:101)
at com.qa.utility.WebEventListener.onException(WebEventListener.java:61)
at org.openqa.selenium.support.events.EventFiringWebDriver$1.invoke(EventFiringWebDriver.java:85)
at com.sun.proxy.$Proxy10.onException(Unknown Source)
at org.openqa.selenium.support.events.EventFiringWebDriver$2.invoke(EventFiringWebDriver.java:110)
at com.sun.proxy.$Proxy11.getScreenshotAs(Unknown Source)
at org.openqa.selenium.support.events.EventFiringWebDriver.getScreenshotAs(EventFiringWebDriver.java:291)
at com.qa.utility.TestUtils.takeScreenshotAtEndOfTest(TestUtils.java:101)
at com.qa.utility.WebEventListener.onException(WebEventListener.java:61)
at org.openqa.selenium.support.events.EventFiringWebDriver$1.invoke(EventFiringWebDriver.java:85)
at com.sun.proxy.$Proxy10.onException(Unknown Source)
at org.openqa.selenium.support.events.EventFiringWebDriver$2.invoke(EventFiringWebDriver.java:110)
at com.sun.proxy.$Proxy11.getScreenshotAs(Unknown Source)
at org.openqa.selenium.support.events.EventFiringWebDriver.getScreenshotAs(EventFiringWebDriver.java:291)
at com.qa.utility.TestUtils.takeScreenshotAtEndOfTest(TestUtils.java:101)
at com.qa.utility.WebEventListener.onException(WebEventListener.java:61)
at org.openqa.selenium.support.events.EventFiringWebDriver$1.invoke(EventFiringWebDriver.java:85)
at com.sun.proxy.$Proxy10.onException(Unknown Source)
at org.openqa.selenium.support.events.EventFiringWebDriver$2.invoke(EventFiringWebDriver.java:110)
at com.sun.proxy.$Proxy11.getScreenshotAs(Unknown Source)
at org.openqa.selenium.support.events.EventFiringWebDriver.getScreenshotAs(EventFiringWebDriver.java:291)
at com.qa.utility.TestUtils.takeScreenshotAtEndOfTest(TestUtils.java:101)
at com.qa.utility.WebEventListener.onException(WebEventListener.java:61)
at org.openqa.selenium.support.events.EventFiringWebDriver$1.invoke(EventFiringWebDriver.java:85)
at com.sun.proxy.$Proxy10.onException(Unknown Source)
at org.openqa.selenium.support.events.EventFiringWebDriver$2.invoke(EventFiringWebDriver.java:110)
at com.sun.proxy.$Proxy11.getScreenshotAs(Unknown Source)
at org.openqa.selenium.support.events.EventFiringWebDriver.getScreenshotAs(EventFiringWebDriver.java:291)
at com.qa.utility.TestUtils.takeScreenshotAtEndOfTest(TestUtils.java:101)
at com.qa.utility.WebEventListener.onException(WebEventListener.java:61)
at org.openqa.selenium.support.events.EventFiringWebDriver$1.invoke(EventFiringWebDriver.java:85)
at com.sun.proxy.$Proxy10.onException(Unknown Source)
at org.openqa.selenium.support.events.EventFiringWebDriver$2.invoke(EventFiringWebDriver.java:110)
at com.sun.proxy.$Proxy11.getScreenshotAs(Unknown Source)
at org.openqa.selenium.support.events.EventFiringWebDriver.getScreenshotAs(EventFiringWebDriver.java:291)
at com.qa.utility.TestUtils.takeScreenshotAtEndOfTest(TestUtils.java:101)
at com.qa.utility.WebEventListener.onException(WebEventListener.java:61)
at org.openqa.selenium.support.events.EventFiringWebDriver$1.invoke(EventFiringWebDriver.java:85)
at com.sun.proxy.$Proxy10.onException(Unknown Source)
at org.openqa.selenium.support.events.EventFiringWebDriver$2.invoke(EventFiringWebDriver.java:110)
at com.sun.proxy.$Proxy11.getScreenshotAs(Unknown Source)
at org.openqa.selenium.support.events.EventFiringWebDriver.getScreenshotAs(EventFiringWebDriver.java:291)
at com.qa.utility.TestUtils.takeScreenshotAtEndOfTest(TestUtils.java:101)
at com.qa.utility.WebEventListener.onException(WebEventListener.java:61)
at org.openqa.selenium.support.events.EventFiringWebDriver$1.invoke(EventFiringWebDriver.java:85)
at com.sun.proxy.$Proxy10.onException(Unknown Source)
at org.openqa.selenium.support.events.EventFiringWebDriver$2.invoke(EventFiringWebDriver.java:110)
at com.sun.proxy.$Proxy11.getScreenshotAs(Unknown Source)
at org.openqa.selenium.support.events.EventFiringWebDriver.getScreenshotAs(EventFiringWebDriver.java:291)
at com.qa.utility.TestUtils.takeScreenshotAtEndOfTest(TestUtils.java:101)
at com.qa.utility.WebEventListener.onException(WebEventListener.java:61)
at org.openqa.selenium.support.events.EventFiringWebDriver$1.invoke(EventFiringWebDriver.java:85)
at com.sun.proxy.$Proxy10.onException(Unknown Source)
at org.openqa.selenium.support.events.EventFiringWebDriver$2.invoke(EventFiringWebDriver.java:110)
at com.sun.proxy.$Proxy11.getScreenshotAs(Unknown Source)
at org.openqa.selenium.support.events.EventFiringWebDriver.getScreenshotAs(EventFiringWebDriver.java:291)
at com.qa.utility.TestUtils.takeScreenshotAtEndOfTest(TestUtils.java:101)
at com.qa.utility.WebEventListener.onException(WebEventListener.java:61)
at org.openqa.selenium.support.events.EventFiringWebDriver$1.invoke(EventFiringWebDriver.java:85)
at com.sun.proxy.$Proxy10.onException(Unknown Source)
at org.openqa.selenium.support.events.EventFiringWebDriver$2.invoke(EventFiringWebDriver.java:110)
at com.sun.proxy.$Proxy11.getScreenshotAs(Unknown Source)
at org.openqa.selenium.support.events.EventFiringWebDriver.getScreenshotAs(EventFiringWebDriver.java:291)
at com.qa.utility.TestUtils.takeScreenshotAtEndOfTest(TestUtils.java:101)
at com.qa.utility.WebEventListener.onException(WebEventListener.java:61)
at org.openqa.selenium.support.events.EventFiringWebDriver$1.invoke(EventFiringWebDriver.java:85)
at com.sun.proxy.$Proxy10.onException(Unknown Source)
at org.openqa.selenium.support.events.EventFiringWebDriver$2.invoke(EventFiringWebDriver.java:110)
at com.sun.proxy.$Proxy11.getScreenshotAs(Unknown Source)
at org.openqa.selenium.support.events.EventFiringWebDriver.getScreenshotAs(EventFiringWebDriver.java:291)
at com.qa.utility.TestUtils.takeScreenshotAtEndOfTest(TestUtils.java:101)
at com.qa.utility.WebEventListener.onException(WebEventListener.java:61)
at org.openqa.selenium.support.events.EventFiringWebDriver$1.invoke(EventFiringWebDriver.java:85)
at com.sun.proxy.$Proxy10.onException(Unknown Source)
at org.openqa.selenium.support.events.EventFiringWebDriver$2.invoke(EventFiringWebDriver.java:110)
at com.sun.proxy.$Proxy11.getScreenshotAs(Unknown Source)
at org.openqa.selenium.support.events.EventFiringWebDriver.getScreenshotAs(EventFiringWebDriver.java:291)
at com.qa.utility.TestUtils.takeScreenshotAtEndOfTest(TestUtils.java:101)
at com.qa.utility.WebEventListener.onException(WebEventListener.java:61)
at org.openqa.selenium.support.events.EventFiringWebDriver$1.invoke(EventFiringWebDriver.java:85)
at com.sun.proxy.$Proxy10.onException(Unknown Source)
at org.openqa.selenium.support.events.EventFiringWebDriver$2.invoke(EventFiringWebDriver.java:110)
at com.sun.proxy.$Proxy11.getScreenshotAs(Unknown Source)
at org.openqa.selenium.support.events.EventFiringWebDriver.getScreenshotAs(EventFiringWebDriver.java:291)
at com.qa.utility.TestUtils.takeScreenshotAtEndOfTest(TestUtils.java:101)
at com.qa.utility.WebEventListener.onException(WebEventListener.java:61)
at org.openqa.selenium.support.events.EventFiringWebDriver$1.invoke(EventFiringWebDriver.java:85)
at com.sun.proxy.$Proxy10.onException(Unknown Source)
at org.openqa.selenium.support.events.EventFiringWebDriver$2.invoke(EventFiringWebDriver.java:110)
at com.sun.proxy.$Proxy11.getScreenshotAs(Unknown Source)
at org.openqa.selenium.support.events.EventFiringWebDriver.getScreenshotAs(EventFiringWebDriver.java:291)
at com.qa.utility.TestUtils.takeScreenshotAtEndOfTest(TestUtils.java:101)
at com.qa.utility.WebEventListener.onException(WebEventListener.java:61)
at org.openqa.selenium.support.events.EventFiringWebDriver$1.invoke(EventFiringWebDriver.java:85)
at com.sun.proxy.$Proxy10.onException(Unknown Source)
at org.openqa.selenium.support.events.EventFiringWebDriver$2.invoke(EventFiringWebDriver.java:110)
at com.sun.proxy.$Proxy11.getScreenshotAs(Unknown Source)
at org.openqa.selenium.support.events.EventFiringWebDriver.getScreenshotAs(EventFiringWebDriver.java:291)
at com.qa.utility.TestUtils.takeScreenshotAtEndOfTest(TestUtils.java:101)
at com.qa.utility.WebEventListener.onException(WebEventListener.java:61)
at org.openqa.selenium.support.events.EventFiringWebDriver$1.invoke(EventFiringWebDriver.java:85)
at com.sun.proxy.$Proxy10.onException(Unknown Source)
at org.openqa.selenium.support.events.EventFiringWebDriver$2.invoke(EventFiringWebDriver.java:110)
at com.sun.proxy.$Proxy11.getScreenshotAs(Unknown Source)
at org.openqa.selenium.support.events.EventFiringWebDriver.getScreenshotAs(EventFiringWebDriver.java:291)
at com.qa.utility.TestUtils.takeScreenshotAtEndOfTest(TestUtils.java:101)
at com.qa.utility.WebEventListener.onException(WebEventListener.java:61)
at org.openqa.selenium.support.events.EventFiringWebDriver$1.invoke(EventFiringWebDriver.java:85)
at com.sun.proxy.$Proxy10.onException(Unknown Source)
at org.openqa.selenium.support.events.EventFiringWebDriver$2.invoke(EventFiringWebDriver.java:110)
at com.sun.proxy.$Proxy11.getScreenshotAs(Unknown Source)
at org.openqa.selenium.support.events.EventFiringWebDriver.getScreenshotAs(EventFiringWebDriver.java:291)
at com.qa.utility.TestUtils.takeScreenshotAtEndOfTest(TestUtils.java:101)
at com.qa.utility.WebEventListener.onException(WebEventListener.java:61)
at org.openqa.selenium.support.events.EventFiringWebDriver$1.invoke(EventFiringWebDriver.java:85)
at com.sun.proxy.$Proxy10.onException(Unknown Source)
at org.openqa.selenium.support.events.EventFiringWebDriver$2.invoke(EventFiringWebDriver.java:110)
at com.sun.proxy.$Proxy11.getScreenshotAs(Unknown Source)
at org.openqa.selenium.support.events.EventFiringWebDriver.getScreenshotAs(EventFiringWebDriver.java:291)
at com.qa.utility.TestUtils.takeScreenshotAtEndOfTest(TestUtils.java:101)
at com.qa.utility.WebEventListener.onException(WebEventListener.java:61)
at org.openqa.selenium.support.events.EventFiringWebDriver$1.invoke(EventFiringWebDriver.java:85)
at com.sun.proxy.$Proxy10.onException(Unknown Source)
at org.openqa.selenium.support.events.EventFiringWebDriver$2.invoke(EventFiringWebDriver.java:110)
at com.sun.proxy.$Proxy11.getScreenshotAs(Unknown Source)
at org.openqa.selenium.support.events.EventFiringWebDriver.getScreenshotAs(EventFiringWebDriver.java:291)
at com.qa.utility.TestUtils.takeScreenshotAtEndOfTest(TestUtils.java:101)
at com.qa.utility.WebEventListener.onException(WebEventListener.java:61)
at org.openqa.selenium.support.events.EventFiringWebDriver$1.invoke(EventFiringWebDriver.java:85)
at com.sun.proxy.$Proxy10.onException(Unknown Source)
at org.openqa.selenium.support.events.EventFiringWebDriver$2.invoke(EventFiringWebDriver.java:110)
at com.sun.proxy.$Proxy11.getScreenshotAs(Unknown Source)
at org.openqa.selenium.support.events.EventFiringWebDriver.getScreenshotAs(EventFiringWebDriver.java:291)
at com.qa.utility.TestUtils.takeScreenshotAtEndOfTest(TestUtils.java:101)
at com.qa.utility.WebEventListener.onException(WebEventListener.java:61)
at org.openqa.selenium.support.events.EventFiringWebDriver$1.invoke(EventFiringWebDriver.java:85)
at com.sun.proxy.$Proxy10.onException(Unknown Source)
at org.openqa.selenium.support.events.EventFiringWebDriver$2.invoke(EventFiringWebDriver.java:110)
at com.sun.proxy.$Proxy11.getScreenshotAs(Unknown Source)
at org.openqa.selenium.support.events.EventFiringWebDriver.getScreenshotAs(EventFiringWebDriver.java:291)
at com.qa.utility.TestUtils.takeScreenshotAtEndOfTest(TestUtils.java:101)
at com.qa.utility.WebEventListener.onException(WebEventListener.java:61)
at org.openqa.selenium.support.events.EventFiringWebDriver$1.invoke(EventFiringWebDriver.java:85)
at com.sun.proxy.$Proxy10.onException(Unknown Source)
at org.openqa.selenium.support.events.EventFiringWebDriver$2.invoke(EventFiringWebDriver.java:110)
at com.sun.proxy.$Proxy11.getScreenshotAs(Unknown Source)
at org.openqa.selenium.support.events.EventFiringWebDriver.getScreenshotAs(EventFiringWebDriver.java:291)
at com.qa.utility.TestUtils.takeScreenshotAtEndOfTest(TestUtils.java:101)
at com.qa.utility.WebEventListener.onException(WebEventListener.java:61)
at org.openqa.selenium.support.events.EventFiringWebDriver$1.invoke(EventFiringWebDriver.java:85)
at com.sun.proxy.$Proxy10.onException(Unknown Source)
at org.openqa.selenium.support.events.EventFiringWebDriver$2.invoke(EventFiringWebDriver.java:110)
at com.sun.proxy.$Proxy11.getScreenshotAs(Unknown Source)
at org.openqa.selenium.support.events.EventFiringWebDriver.getScreenshotAs(EventFiringWebDriver.java:291)
at com.qa.utility.TestUtils.takeScreenshotAtEndOfTest(TestUtils.java:101)
at com.qa.utility.WebEventListener.onException(WebEventListener.java:61)
at org.openqa.selenium.support.events.EventFiringWebDriver$1.invoke(EventFiringWebDriver.java:85)
at com.sun.proxy.$Proxy10.onException(Unknown Source)
at org.openqa.selenium.support.events.EventFiringWebDriver$2.invoke(EventFiringWebDriver.java:110)
at com.sun.proxy.$Proxy11.getScreenshotAs(Unknown Source)
at org.openqa.selenium.support.events.EventFiringWebDriver.getScreenshotAs(EventFiringWebDriver.java:291)
at com.qa.utility.TestUtils.takeScreenshotAtEndOfTest(TestUtils.java:101)
at com.qa.utility.WebEventListener.onException(WebEventListener.java:61)
at org.openqa.selenium.support.events.EventFiringWebDriver$1.invoke(EventFiringWebDriver.java:85)
at com.sun.proxy.$Proxy10.onException(Unknown Source)
at org.openqa.selenium.support.events.EventFiringWebDriver$2.invoke(EventFiringWebDriver.java:110)
at com.sun.proxy.$Proxy11.getScreenshotAs(Unknown Source)
at org.openqa.selenium.support.events.EventFiringWebDriver.getScreenshotAs(EventFiringWebDriver.java:291)
at com.qa.utility.TestUtils.takeScreenshotAtEndOfTest(TestUtils.java:101)
at com.qa.utility.WebEventListener.onException(WebEventListener.java:61)
at org.openqa.selenium.support.events.EventFiringWebDriver$1.invoke(EventFiringWebDriver.java:85)
at com.sun.proxy.$Proxy10.onException(Unknown Source)
at org.openqa.selenium.support.events.EventFiringWebDriver$2.invoke(EventFiringWebDriver.java:110)
at com.sun.proxy.$Proxy11.getScreenshotAs(Unknown Source)
at org.openqa.selenium.support.events.EventFiringWebDriver.getScreenshotAs(EventFiringWebDriver.java:291)
at com.qa.utility.TestUtils.takeScreenshotAtEndOfTest(TestUtils.java:101)
at com.qa.utility.WebEventListener.onException(WebEventListener.java:61)
at org.openqa.selenium.support.events.EventFiringWebDriver$1.invoke(EventFiringWebDriver.java:85)
at com.sun.proxy.$Proxy10.onException(Unknown Source)
at org.openqa.selenium.support.events.EventFiringWebDriver$2.invoke(EventFiringWebDriver.java:110)
at com.sun.proxy.$Proxy11.getScreenshotAs(Unknown Source)
at org.openqa.selenium.support.events.EventFiringWebDriver.getScreenshotAs(EventFiringWebDriver.java:291)
at com.qa.utility.TestUtils.takeScreenshotAtEndOfTest(TestUtils.java:101)
at com.qa.utility.WebEventListener.onException(WebEventListener.java:61)
at org.openqa.selenium.support.events.EventFiringWebDriver$1.invoke(EventFiringWebDriver.java:85)
at com.sun.proxy.$Proxy10.onException(Unknown Source)
at org.openqa.selenium.support.events.EventFiringWebDriver$2.invoke(EventFiringWebDriver.java:110)
at com.sun.proxy.$Proxy11.getScreenshotAs(Unknown Source)
at org.openqa.selenium.support.events.EventFiringWebDriver.getScreenshotAs(EventFiringWebDriver.java:291)
at com.qa.utility.TestUtils.takeScreenshotAtEndOfTest(TestUtils.java:101)
at com.qa.utility.WebEventListener.onException(WebEventListener.java:61)
at org.openqa.selenium.support.events.EventFiringWebDriver$1.invoke(EventFiringWebDriver.java:85)
at com.sun.proxy.$Proxy10.onException(Unknown Source)
at org.openqa.selenium.support.events.EventFiringWebDriver$2.invoke(EventFiringWebDriver.java:110)
... Removed 306 stack frames]]>
    </failure>
  </testcase> <!-- Login -->
</testsuite> <!-- Test -->
