<?xml version="1.0" encoding="UTF-8"?>
<testng-results ignored="0" total="7" passed="7" failed="0" skipped="0">
  <reporter-output>
  </reporter-output>
  <suite started-at="2024-07-17T14:49:50 IST" name="Surefire suite" finished-at="2024-07-17T14:50:52 IST" duration-ms="61709">
    <groups>
    </groups>
    <test started-at="2024-07-17T14:49:50 IST" name="Surefire test" finished-at="2024-07-17T14:50:52 IST" duration-ms="61709">
      <class name="com.qa.tests.HomePageTest">
        <test-method is-config="true" signature="setup()[pri:0, instance:com.qa.tests.HomePageTest@473b46c3]" started-at="2024-07-17T14:49:50 IST" name="setup" finished-at="2024-07-17T14:49:53 IST" duration-ms="3090" status="PASS">
          <reporter-output>
          </reporter-output>
        </test-method> <!-- setup -->
        <test-method signature="verifyhometitle()[pri:1, instance:com.qa.tests.HomePageTest@473b46c3]" started-at="2024-07-17T14:49:53 IST" name="verifyhometitle" finished-at="2024-07-17T14:49:53 IST" duration-ms="22" status="PASS">
          <reporter-output>
          </reporter-output>
        </test-method> <!-- verifyhometitle -->
        <test-method is-config="true" signature="appclose()[pri:0, instance:com.qa.tests.HomePageTest@473b46c3]" started-at="2024-07-17T14:49:53 IST" name="appclose" finished-at="2024-07-17T14:49:53 IST" duration-ms="165" status="PASS">
          <reporter-output>
          </reporter-output>
        </test-method> <!-- appclose -->
        <test-method is-config="true" signature="setup()[pri:0, instance:com.qa.tests.HomePageTest@473b46c3]" started-at="2024-07-17T14:49:53 IST" name="setup" finished-at="2024-07-17T14:49:56 IST" duration-ms="2443" status="PASS">
          <reporter-output>
          </reporter-output>
        </test-method> <!-- setup -->
        <test-method signature="CliconkMenuitems()[pri:2, instance:com.qa.tests.HomePageTest@473b46c3]" started-at="2024-07-17T14:49:56 IST" name="CliconkMenuitems" finished-at="2024-07-17T14:49:56 IST" duration-ms="85" status="PASS">
          <reporter-output>
          </reporter-output>
        </test-method> <!-- CliconkMenuitems -->
        <test-method is-config="true" signature="appclose()[pri:0, instance:com.qa.tests.HomePageTest@473b46c3]" started-at="2024-07-17T14:49:56 IST" name="appclose" finished-at="2024-07-17T14:49:56 IST" duration-ms="264" status="PASS">
          <reporter-output>
          </reporter-output>
        </test-method> <!-- appclose -->
        <test-method is-config="true" signature="setup()[pri:0, instance:com.qa.tests.HomePageTest@473b46c3]" started-at="2024-07-17T14:49:56 IST" name="setup" finished-at="2024-07-17T14:49:58 IST" duration-ms="2140" status="PASS">
          <reporter-output>
          </reporter-output>
        </test-method> <!-- setup -->
        <test-method signature="Sortproduct()[pri:3, instance:com.qa.tests.HomePageTest@473b46c3]" started-at="2024-07-17T14:49:58 IST" name="Sortproduct" finished-at="2024-07-17T14:50:38 IST" duration-ms="40256" status="PASS">
          <reporter-output>
          </reporter-output>
        </test-method> <!-- Sortproduct -->
        <test-method is-config="true" signature="appclose()[pri:0, instance:com.qa.tests.HomePageTest@473b46c3]" started-at="2024-07-17T14:50:38 IST" name="appclose" finished-at="2024-07-17T14:50:39 IST" duration-ms="651" status="PASS">
          <reporter-output>
          </reporter-output>
        </test-method> <!-- appclose -->
        <test-method is-config="true" signature="setup()[pri:0, instance:com.qa.tests.HomePageTest@473b46c3]" started-at="2024-07-17T14:50:39 IST" name="setup" finished-at="2024-07-17T14:50:43 IST" duration-ms="4087" status="PASS">
          <reporter-output>
          </reporter-output>
        </test-method> <!-- setup -->
        <test-method signature="addprodcuttobag()[pri:4, instance:com.qa.tests.HomePageTest@473b46c3]" started-at="2024-07-17T14:50:43 IST" name="addprodcuttobag" finished-at="2024-07-17T14:50:43 IST" duration-ms="57" status="PASS">
          <reporter-output>
          </reporter-output>
        </test-method> <!-- addprodcuttobag -->
        <test-method is-config="true" signature="appclose()[pri:0, instance:com.qa.tests.HomePageTest@473b46c3]" started-at="2024-07-17T14:50:43 IST" name="appclose" finished-at="2024-07-17T14:50:44 IST" duration-ms="548" status="PASS">
          <reporter-output>
          </reporter-output>
        </test-method> <!-- appclose -->
      </class> <!-- com.qa.tests.HomePageTest -->
      <class name="com.qa.tests.LoginPageTest">
        <test-method is-config="true" signature="setup()[pri:0, instance:com.qa.tests.LoginPageTest@51931956]" started-at="2024-07-17T14:50:44 IST" name="setup" finished-at="2024-07-17T14:50:46 IST" duration-ms="2228" status="PASS">
          <reporter-output>
          </reporter-output>
        </test-method> <!-- setup -->
        <test-method signature="Login(java.lang.String,java.lang.String)[pri:0, instance:com.qa.tests.LoginPageTest@51931956]" started-at="2024-07-17T14:50:46 IST" name="Login" data-provider="getTestdata" finished-at="2024-07-17T14:50:47 IST" duration-ms="288" status="PASS">
          <params>
            <param index="0">
              <value>
                <![CDATA[standard_user]]>
              </value>
            </param>
            <param index="1">
              <value>
                <![CDATA[secret_sauce]]>
              </value>
            </param>
          </params>
          <reporter-output>
          </reporter-output>
        </test-method> <!-- Login -->
        <test-method is-config="true" signature="appclose()[pri:0, instance:com.qa.tests.LoginPageTest@51931956]" started-at="2024-07-17T14:50:47 IST" name="appclose" finished-at="2024-07-17T14:50:47 IST" duration-ms="253" status="PASS">
          <reporter-output>
          </reporter-output>
        </test-method> <!-- appclose -->
        <test-method is-config="true" signature="setup()[pri:0, instance:com.qa.tests.LoginPageTest@51931956]" started-at="2024-07-17T14:50:47 IST" name="setup" finished-at="2024-07-17T14:50:49 IST" duration-ms="1795" status="PASS">
          <reporter-output>
          </reporter-output>
        </test-method> <!-- setup -->
        <test-method signature="Login(java.lang.String,java.lang.String)[pri:0, instance:com.qa.tests.LoginPageTest@51931956]" started-at="2024-07-17T14:50:49 IST" name="Login" data-provider="getTestdata" finished-at="2024-07-17T14:50:49 IST" duration-ms="287" status="PASS">
          <params>
            <param index="0">
              <value>
                <![CDATA[locked_out_user]]>
              </value>
            </param>
            <param index="1">
              <value>
                <![CDATA[secret_sauce]]>
              </value>
            </param>
          </params>
          <reporter-output>
          </reporter-output>
        </test-method> <!-- Login -->
        <test-method is-config="true" signature="appclose()[pri:0, instance:com.qa.tests.LoginPageTest@51931956]" started-at="2024-07-17T14:50:49 IST" name="appclose" finished-at="2024-07-17T14:50:49 IST" duration-ms="254" status="PASS">
          <reporter-output>
          </reporter-output>
        </test-method> <!-- appclose -->
        <test-method is-config="true" signature="setup()[pri:0, instance:com.qa.tests.LoginPageTest@51931956]" started-at="2024-07-17T14:50:49 IST" name="setup" finished-at="2024-07-17T14:50:51 IST" duration-ms="1670" status="PASS">
          <reporter-output>
          </reporter-output>
        </test-method> <!-- setup -->
        <test-method signature="Login(java.lang.String,java.lang.String)[pri:0, instance:com.qa.tests.LoginPageTest@51931956]" started-at="2024-07-17T14:50:51 IST" name="Login" data-provider="getTestdata" finished-at="2024-07-17T14:50:51 IST" duration-ms="239" status="PASS">
          <params>
            <param index="0">
              <value>
                <![CDATA[secret_sauce]]>
              </value>
            </param>
            <param index="1">
              <value>
                <![CDATA[secret_sauce]]>
              </value>
            </param>
          </params>
          <reporter-output>
          </reporter-output>
        </test-method> <!-- Login -->
        <test-method is-config="true" signature="appclose()[pri:0, instance:com.qa.tests.LoginPageTest@51931956]" started-at="2024-07-17T14:50:51 IST" name="appclose" finished-at="2024-07-17T14:50:52 IST" duration-ms="391" status="PASS">
          <reporter-output>
          </reporter-output>
        </test-method> <!-- appclose -->
      </class> <!-- com.qa.tests.LoginPageTest -->
    </test> <!-- Surefire test -->
  </suite> <!-- Surefire suite -->
</testng-results>
