<?xml version="1.0" encoding="UTF-8"?>
<testsuite xmlns:xsi="http://www.w3.org/2001/XMLSchema-instance" xsi:noNamespaceSchemaLocation="https://maven.apache.org/surefire/maven-surefire-plugin/xsd/surefire-test-report.xsd" name="TestSuite" time="62.372" tests="7" errors="0" skipped="0" failures="0">
  <properties>
[...]
</properties>
  <testcase name="verifyhometitle" classname="com.qa.tests.HomePageTest" time="0.022"/>
  <testcase name="CliconkMenuitems" classname="com.qa.tests.HomePageTest" time="0.086"/>
  <testcase name="Sortproduct" classname="com.qa.tests.HomePageTest" time="40.256"/>
  <testcase name="addprodcuttobag" classname="com.qa.tests.HomePageTest" time="0.057"/>
  <testcase name="Login" classname="com.qa.tests.LoginPageTest" time="0.287"/>
  <testcase name="Login" classname="com.qa.tests.LoginPageTest" time="0.288"/>
  <testcase name="Login" classname="com.qa.tests.LoginPageTest" time="0.238"/>
</testsuite>