<?xml version="1.0" encoding="UTF-8"?>
<testng-results ignored="0" total="3" passed="3" failed="0" skipped="0">
  <reporter-output>
  </reporter-output>
  <suite started-at="2024-07-23T11:06:51 IST" name="Default suite" finished-at="2024-07-23T11:07:07 IST" duration-ms="16447">
    <groups>
    </groups>
    <test started-at="2024-07-23T11:06:51 IST" name="Default test" finished-at="2024-07-23T11:07:07 IST" duration-ms="16447">
      <class name="com.qa.tests.LoginPageTest">
        <test-method is-config="true" signature="setup()[pri:0, instance:com.qa.tests.LoginPageTest@6404f418]" started-at="2024-07-23T11:06:51 IST" name="setup" finished-at="2024-07-23T11:06:57 IST" duration-ms="5677" status="PASS">
          <reporter-output>
          </reporter-output>
        </test-method> <!-- setup -->
        <test-method signature="Login(java.lang.String,java.lang.String)[pri:0, instance:com.qa.tests.LoginPageTest@6404f418]" started-at="2024-07-23T11:06:57 IST" name="Login" data-provider="getTestdata" finished-at="2024-07-23T11:06:57 IST" duration-ms="463" status="PASS">
          <params>
            <param index="0">
              <value>
                <![CDATA[standard_user]]>
              </value>
            </param>
            <param index="1">
              <value>
                <![CDATA[secret_sauce]]>
              </value>
            </param>
          </params>
          <reporter-output>
          </reporter-output>
        </test-method> <!-- Login -->
        <test-method is-config="true" signature="appclose()[pri:0, instance:com.qa.tests.LoginPageTest@6404f418]" started-at="2024-07-23T11:06:57 IST" name="appclose" finished-at="2024-07-23T11:06:58 IST" duration-ms="451" status="PASS">
          <reporter-output>
          </reporter-output>
        </test-method> <!-- appclose -->
        <test-method is-config="true" signature="setup()[pri:0, instance:com.qa.tests.LoginPageTest@6404f418]" started-at="2024-07-23T11:06:58 IST" name="setup" finished-at="2024-07-23T11:07:02 IST" duration-ms="4144" status="PASS">
          <reporter-output>
          </reporter-output>
        </test-method> <!-- setup -->
        <test-method signature="Login(java.lang.String,java.lang.String)[pri:0, instance:com.qa.tests.LoginPageTest@6404f418]" started-at="2024-07-23T11:07:02 IST" name="Login" data-provider="getTestdata" finished-at="2024-07-23T11:07:02 IST" duration-ms="233" status="PASS">
          <params>
            <param index="0">
              <value>
                <![CDATA[locked_out_user]]>
              </value>
            </param>
            <param index="1">
              <value>
                <![CDATA[secret_sauce]]>
              </value>
            </param>
          </params>
          <reporter-output>
          </reporter-output>
        </test-method> <!-- Login -->
        <test-method is-config="true" signature="appclose()[pri:0, instance:com.qa.tests.LoginPageTest@6404f418]" started-at="2024-07-23T11:07:02 IST" name="appclose" finished-at="2024-07-23T11:07:03 IST" duration-ms="706" status="PASS">
          <reporter-output>
          </reporter-output>
        </test-method> <!-- appclose -->
        <test-method is-config="true" signature="setup()[pri:0, instance:com.qa.tests.LoginPageTest@6404f418]" started-at="2024-07-23T11:07:03 IST" name="setup" finished-at="2024-07-23T11:07:06 IST" duration-ms="3564" status="PASS">
          <reporter-output>
          </reporter-output>
        </test-method> <!-- setup -->
        <test-method signature="Login(java.lang.String,java.lang.String)[pri:0, instance:com.qa.tests.LoginPageTest@6404f418]" started-at="2024-07-23T11:07:06 IST" name="Login" data-provider="getTestdata" finished-at="2024-07-23T11:07:07 IST" duration-ms="234" status="PASS">
          <params>
            <param index="0">
              <value>
                <![CDATA[secret_sauce]]>
              </value>
            </param>
            <param index="1">
              <value>
                <![CDATA[secret_sauce]]>
              </value>
            </param>
          </params>
          <reporter-output>
          </reporter-output>
        </test-method> <!-- Login -->
        <test-method is-config="true" signature="appclose()[pri:0, instance:com.qa.tests.LoginPageTest@6404f418]" started-at="2024-07-23T11:07:07 IST" name="appclose" finished-at="2024-07-23T11:07:07 IST" duration-ms="523" status="PASS">
          <reporter-output>
          </reporter-output>
        </test-method> <!-- appclose -->
      </class> <!-- com.qa.tests.LoginPageTest -->
    </test> <!-- Default test -->
  </suite> <!-- Default suite -->
</testng-results>
